<?xml version="1.0" encoding="UTF-8"?>
<testsuites name="OneCS App Android" time="220.8" tests="2" failures="0" errors="1">
   <testsuite name="OneCS App Android" tests="2" failures="0" errors="1" time="220.8" skipped="0" timestamp="2023-06-12 18:30:28" hostname="akile - AkILeShKiNgS.mshome.net" id="Test Suites/OneCS App Android">
      <properties>
         <property name="deviceName"/>
         <property name="devicePlatform" value=""/>
         <property name="logFolder" value="C:\\Users\\akile\\git\\KatalonMobileWeb\\Reports\\20230612_183020\\OneCS App Android\\20230612_183020"/>
         <property name="logFiles" value="C:\\Users\\akile\\git\\KatalonMobileWeb\\Reports\\20230612_183020\\OneCS App Android\\20230612_183020\\execution0.log"/>
         <property name="attachments" value=""/>
         <property name="hostName" value="akile - AkILeShKiNgS.mshome.net"/>
         <property name="remoteDriverUrl" value="http://hub.browserstack.com/wd/hub"/>
         <property name="desiredCapabilities" value="{
  &quot;app&quot;: &quot;bs://42357bf6cdd0b22ec96727a4dd91b055497b9807&quot;,
  &quot;build&quot;: &quot;OneCS QA&quot;,
  &quot;browserstack.key&quot;: &quot;XL3oy1yprCJD24apFpHu&quot;,
  &quot;os_version&quot;: &quot;12.0&quot;,
  &quot;project&quot;: &quot;OneCS Mobile&quot;,
  &quot;browserstack.user&quot;: &quot;akileshs_Jit0Ln&quot;,
  &quot;device&quot;: &quot;Samsung Galaxy S21&quot;,
  &quot;browserstack.idleTimeout&quot;: &quot;120&quot;
}"/>
         <property name="os" value="Windows 10 64bit"/>
         <property name="appiumServerStatus" value="{&quot;status&quot;:0,&quot;sessionId&quot;:null,&quot;value&quot;:{&quot;build&quot;:{&quot;time&quot;:&quot;2015-02-26 23:59:50&quot;,&quot;version&quot;:&quot;2.45.0&quot;,&quot;revision&quot;:&quot;5017cb8&quot;}},&quot;state&quot;:&quot;success&quot;}"/>
         <property name="katalonVersion" value="8.6.5.208"/>
         <property name="appiumVersion" value="2.45.0"/>
         <property name="hostAddress" value="172.26.0.1"/>
      </properties>
      <testcase name="Test Cases/Sign In/2.01_Android" time="44.673" classname="Test Cases/Sign In/2.01_Android" status="ERROR">
         <error type="ERROR" message="Test Cases/Sign In/2.01_Android FAILED.
Reason:
groovy.lang.MissingMethodException: No signature of method: static internal.GlobalVariable.getDriver() is applicable for argument types: () values: []
	at 2.01_Android.run(2.01_Android:33)
	at com.kms.katalon.core.main.ScriptEngine.run(ScriptEngine.java:194)
	at com.kms.katalon.core.main.ScriptEngine.runScriptAsRawText(ScriptEngine.java:119)
	at com.kms.katalon.core.main.TestCaseExecutor.runScript(TestCaseExecutor.java:448)
	at com.kms.katalon.core.main.TestCaseExecutor.doExecute(TestCaseExecutor.java:439)
	at com.kms.katalon.core.main.TestCaseExecutor.processExecutionPhase(TestCaseExecutor.java:418)
	at com.kms.katalon.core.main.TestCaseExecutor.accessMainPhase(TestCaseExecutor.java:410)
	at com.kms.katalon.core.main.TestCaseExecutor.execute(TestCaseExecutor.java:285)
	at com.kms.katalon.core.main.TestCaseExecutor.execute(TestCaseExecutor.java:369)
	at com.kms.katalon.core.common.CommonExecutor.accessTestCaseMainPhase(CommonExecutor.java:65)
	at com.kms.katalon.core.main.TestSuiteExecutor.accessTestSuiteMainPhase(TestSuiteExecutor.java:148)
	at com.kms.katalon.core.main.TestSuiteExecutor.execute(TestSuiteExecutor.java:106)
	at com.kms.katalon.core.main.TestCaseMain.startTestSuite(TestCaseMain.java:187)
	at com.kms.katalon.core.main.TestCaseMain$startTestSuite$0.call(Unknown Source)
	at TempTestSuite1686574820096.run(TempTestSuite1686574820096.groovy:36)
"/>
         <system-out><![CDATA[2023-06-12 18:31:17 - [TEST_CASE][ERROR] - Test Cases/Sign In/2.01_Android: Test Cases/Sign In/2.01_Android FAILED.
Reason:
groovy.lang.MissingMethodException: No signature of method: static internal.GlobalVariable.getDriver() is applicable for argument types: () values: []
	at 2.01_Android.run(2.01_Android:33)
	at com.kms.katalon.core.main.ScriptEngine.run(ScriptEngine.java:194)
	at com.kms.katalon.core.main.ScriptEngine.runScriptAsRawText(ScriptEngine.java:119)
	at com.kms.katalon.core.main.TestCaseExecutor.runScript(TestCaseExecutor.java:448)
	at com.kms.katalon.core.main.TestCaseExecutor.doExecute(TestCaseExecutor.java:439)
	at com.kms.katalon.core.main.TestCaseExecutor.processExecutionPhase(TestCaseExecutor.java:418)
	at com.kms.katalon.core.main.TestCaseExecutor.accessMainPhase(TestCaseExecutor.java:410)
	at com.kms.katalon.core.main.TestCaseExecutor.execute(TestCaseExecutor.java:285)
	at com.kms.katalon.core.main.TestCaseExecutor.execute(TestCaseExecutor.java:369)
	at com.kms.katalon.core.common.CommonExecutor.accessTestCaseMainPhase(CommonExecutor.java:65)
	at com.kms.katalon.core.main.TestSuiteExecutor.accessTestSuiteMainPhase(TestSuiteExecutor.java:148)
	at com.kms.katalon.core.main.TestSuiteExecutor.execute(TestSuiteExecutor.java:106)
	at com.kms.katalon.core.main.TestCaseMain.startTestSuite(TestCaseMain.java:187)
	at com.kms.katalon.core.main.TestCaseMain$startTestSuite$0.call(Unknown Source)
	at TempTestSuite1686574820096.run(TempTestSuite1686574820096.groovy:36)


2023-06-12 18:31:17 - [TEST_STEP][PASSED] - startApplication(bsApp, true): Started app at: 'bs://42357bf6cdd0b22ec96727a4dd91b055497b9807'

2023-06-12 18:31:55 - [MESSAGE][PASSED] - Started app at: 'bs://42357bf6cdd0b22ec96727a4dd91b055497b9807'

2023-06-12 18:31:55 - [TEST_STEP][PASSED] - verifyElementExist(findTestObject("Object Repository/Android Objects/logo"), 0): Element 'Object Repository/Android Objects/logo' is exist

2023-06-12 18:31:55 - [MESSAGE][WARNING] - Timeout '0' is invalid. Using default page load timeout: '30'

2023-06-12 18:31:57 - [MESSAGE][PASSED] - Element 'Object Repository/Android Objects/logo' is exist

2023-06-12 18:31:57 - [TEST_STEP][PASSED] - verifyElementExist(findTestObject("Object Repository/Android Objects/Create a secure"), 0): Element 'Object Repository/Android Objects/Create a secure' is exist

2023-06-12 18:31:57 - [MESSAGE][WARNING] - Timeout '0' is invalid. Using default page load timeout: '30'

2023-06-12 18:31:57 - [MESSAGE][PASSED] - Element 'Object Repository/Android Objects/Create a secure' is exist

2023-06-12 18:31:57 - [TEST_STEP][PASSED] - verifyElementText(findTestObject("Object Repository/Android Objects/Sign in Button"), "Sign in"): Actual text and expected text of test object 'Object Repository/Android Objects/Sign in Button' are matched.

2023-06-12 18:31:57 - [MESSAGE][PASSED] - Actual text and expected text of test object 'Object Repository/Android Objects/Sign in Button' are matched.

2023-06-12 18:31:57 - [TEST_STEP][PASSED] - verifyElementText(findTestObject("Object Repository/Android Objects/android.widget.TextView - Dont have an account"), "Don't have an account?"): Actual text and expected text of test object 'Object Repository/Android Objects/android.widget.TextView - Dont have an account' are matched.

2023-06-12 18:31:58 - [MESSAGE][PASSED] - Actual text and expected text of test object 'Object Repository/Android Objects/android.widget.TextView - Dont have an account' are matched.

2023-06-12 18:31:58 - [TEST_STEP][PASSED] - verifyElementText(findTestObject("Object Repository/Android Objects/android.widget.TextView - Create one on our website"), "Create one on our website"): Actual text and expected text of test object 'Object Repository/Android Objects/android.widget.TextView - Create one on our website' are matched.

2023-06-12 18:31:58 - [MESSAGE][PASSED] - Actual text and expected text of test object 'Object Repository/Android Objects/android.widget.TextView - Create one on our website' are matched.

2023-06-12 18:31:58 - [TEST_STEP][PASSED] - tap(findTestObject("Object Repository/Android Objects/Create one on our website"), 0): Tapped on element 'Object Repository/Android Objects/Create one on our website'

2023-06-12 18:31:58 - [MESSAGE][WARNING] - Timeout '0' is invalid. Using default page load timeout: '30'

2023-06-12 18:32:00 - [MESSAGE][PASSED] - Tapped on element 'Object Repository/Android Objects/Create one on our website'

2023-06-12 18:32:00 - [TEST_STEP][PASSED] - continuebutton = getText(findTestObject("Object Repository/Android Objects/weburl"), 0): Text of element 'Object Repository/Android Objects/weburl' is: 'charles-stanley.co.uk/services/save'

2023-06-12 18:32:00 - [MESSAGE][WARNING] - Timeout '0' is invalid. Using default page load timeout: '30'

2023-06-12 18:32:01 - [MESSAGE][PASSED] - Text of element 'Object Repository/Android Objects/weburl' is: 'charles-stanley.co.uk/services/save'

2023-06-12 18:32:01 - [TEST_STEP][PASSED] - Assert.assertEquals(continuebutton, "charles-stanley.co.uk/services/save"): null

2023-06-12 18:32:01 - [TEST_STEP][PASSED] - pressBack(): Press back button successfully

2023-06-12 18:32:01 - [MESSAGE][PASSED] - Press back button successfully

2023-06-12 18:32:01 - [TEST_STEP][PASSED] - verifyElementVisible(findTestObject("Object Repository/Android Objects/logo"), 0): Element 'Object Repository/Android Objects/logo' is visible

2023-06-12 18:32:01 - [MESSAGE][WARNING] - Timeout '0' is invalid. Using default page load timeout: '30'

2023-06-12 18:32:02 - [MESSAGE][PASSED] - Element 'Object Repository/Android Objects/logo' is visible

2023-06-12 18:32:02 - [TEST_STEP][ERROR] - getDriver().closeApp(): Test Cases/Sign In/2.01_Android FAILED.
Reason:
groovy.lang.MissingMethodException: No signature of method: static internal.GlobalVariable.getDriver() is applicable for argument types: () values: []
	at 2.01_Android.run(2.01_Android:33)
	at com.kms.katalon.core.main.ScriptEngine.run(ScriptEngine.java:194)
	at com.kms.katalon.core.main.ScriptEngine.runScriptAsRawText(ScriptEngine.java:119)
	at com.kms.katalon.core.main.TestCaseExecutor.runScript(TestCaseExecutor.java:448)
	at com.kms.katalon.core.main.TestCaseExecutor.doExecute(TestCaseExecutor.java:439)
	at com.kms.katalon.core.main.TestCaseExecutor.processExecutionPhase(TestCaseExecutor.java:418)
	at com.kms.katalon.core.main.TestCaseExecutor.accessMainPhase(TestCaseExecutor.java:410)
	at com.kms.katalon.core.main.TestCaseExecutor.execute(TestCaseExecutor.java:285)
	at com.kms.katalon.core.main.TestCaseExecutor.execute(TestCaseExecutor.java:369)
	at com.kms.katalon.core.common.CommonExecutor.accessTestCaseMainPhase(CommonExecutor.java:65)
	at com.kms.katalon.core.main.TestSuiteExecutor.accessTestSuiteMainPhase(TestSuiteExecutor.java:148)
	at com.kms.katalon.core.main.TestSuiteExecutor.execute(TestSuiteExecutor.java:106)
	at com.kms.katalon.core.main.TestCaseMain.startTestSuite(TestCaseMain.java:187)
	at com.kms.katalon.core.main.TestCaseMain$startTestSuite$0.call(Unknown Source)
	at TempTestSuite1686574820096.run(TempTestSuite1686574820096.groovy:36)


2023-06-12 18:32:02 - [MESSAGE][ERROR] - Test Cases/Sign In/2.01_Android FAILED.
Reason:
groovy.lang.MissingMethodException: No signature of method: static internal.GlobalVariable.getDriver() is applicable for argument types: () values: []
	at 2.01_Android.run(2.01_Android:33)
	at com.kms.katalon.core.main.ScriptEngine.run(ScriptEngine.java:194)
	at com.kms.katalon.core.main.ScriptEngine.runScriptAsRawText(ScriptEngine.java:119)
	at com.kms.katalon.core.main.TestCaseExecutor.runScript(TestCaseExecutor.java:448)
	at com.kms.katalon.core.main.TestCaseExecutor.doExecute(TestCaseExecutor.java:439)
	at com.kms.katalon.core.main.TestCaseExecutor.processExecutionPhase(TestCaseExecutor.java:418)
	at com.kms.katalon.core.main.TestCaseExecutor.accessMainPhase(TestCaseExecutor.java:410)
	at com.kms.katalon.core.main.TestCaseExecutor.execute(TestCaseExecutor.java:285)
	at com.kms.katalon.core.main.TestCaseExecutor.execute(TestCaseExecutor.java:369)
	at com.kms.katalon.core.common.CommonExecutor.accessTestCaseMainPhase(CommonExecutor.java:65)
	at com.kms.katalon.core.main.TestSuiteExecutor.accessTestSuiteMainPhase(TestSuiteExecutor.java:148)
	at com.kms.katalon.core.main.TestSuiteExecutor.execute(TestSuiteExecutor.java:106)
	at com.kms.katalon.core.main.TestCaseMain.startTestSuite(TestCaseMain.java:187)
	at com.kms.katalon.core.main.TestCaseMain$startTestSuite$0.call(Unknown Source)
	at TempTestSuite1686574820096.run(TempTestSuite1686574820096.groovy:36)


2023-06-12 18:32:02 - [TEST_STEP][PASSED] - Start listener action : sampleAfterTestCase: null]]></system-out>
         <system-err><![CDATA[2023-06-12 18:31:17 - [TEST_CASE][ERROR] - Test Cases/Sign In/2.01_Android: Test Cases/Sign In/2.01_Android FAILED.
Reason:
groovy.lang.MissingMethodException: No signature of method: static internal.GlobalVariable.getDriver() is applicable for argument types: () values: []
	at 2.01_Android.run(2.01_Android:33)
	at com.kms.katalon.core.main.ScriptEngine.run(ScriptEngine.java:194)
	at com.kms.katalon.core.main.ScriptEngine.runScriptAsRawText(ScriptEngine.java:119)
	at com.kms.katalon.core.main.TestCaseExecutor.runScript(TestCaseExecutor.java:448)
	at com.kms.katalon.core.main.TestCaseExecutor.doExecute(TestCaseExecutor.java:439)
	at com.kms.katalon.core.main.TestCaseExecutor.processExecutionPhase(TestCaseExecutor.java:418)
	at com.kms.katalon.core.main.TestCaseExecutor.accessMainPhase(TestCaseExecutor.java:410)
	at com.kms.katalon.core.main.TestCaseExecutor.execute(TestCaseExecutor.java:285)
	at com.kms.katalon.core.main.TestCaseExecutor.execute(TestCaseExecutor.java:369)
	at com.kms.katalon.core.common.CommonExecutor.accessTestCaseMainPhase(CommonExecutor.java:65)
	at com.kms.katalon.core.main.TestSuiteExecutor.accessTestSuiteMainPhase(TestSuiteExecutor.java:148)
	at com.kms.katalon.core.main.TestSuiteExecutor.execute(TestSuiteExecutor.java:106)
	at com.kms.katalon.core.main.TestCaseMain.startTestSuite(TestCaseMain.java:187)
	at com.kms.katalon.core.main.TestCaseMain$startTestSuite$0.call(Unknown Source)
	at TempTestSuite1686574820096.run(TempTestSuite1686574820096.groovy:36)]]></system-err>
      </testcase>
      <testcase name="Test Cases/Sign In/2.02_Android" time="127.086" classname="Test Cases/Sign In/2.02_Android" status="PASSED">
         <system-out><![CDATA[2023-06-12 18:32:02 - [TEST_CASE][PASSED] - Test Cases/Sign In/2.02_Android: Test Cases/Sign In/2.02_Android

2023-06-12 18:32:02 - [TEST_STEP][PASSED] - startApplication(bsApp, true): Started app at: 'bs://42357bf6cdd0b22ec96727a4dd91b055497b9807'

2023-06-12 18:33:59 - [MESSAGE][PASSED] - Started app at: 'bs://42357bf6cdd0b22ec96727a4dd91b055497b9807'

2023-06-12 18:33:59 - [TEST_STEP][PASSED] - tap(findTestObject("Object Repository/Android Objects/Sign in Button"), 0): Tapped on element 'Object Repository/Android Objects/Sign in Button'

2023-06-12 18:33:59 - [MESSAGE][WARNING] - Timeout '0' is invalid. Using default page load timeout: '30'

2023-06-12 18:34:01 - [MESSAGE][PASSED] - Tapped on element 'Object Repository/Android Objects/Sign in Button'

2023-06-12 18:34:01 - [TEST_STEP][PASSED] - verifyElementText(findTestObject("Object Repository/Android Objects/android.widget.TextView - Sign in step 1 of 4"), "Sign in step 1 of 4"): Actual text and expected text of test object 'Object Repository/Android Objects/android.widget.TextView - Sign in step 1 of 4' are matched.

2023-06-12 18:34:02 - [MESSAGE][PASSED] - Actual text and expected text of test object 'Object Repository/Android Objects/android.widget.TextView - Sign in step 1 of 4' are matched.

2023-06-12 18:34:02 - [TEST_STEP][PASSED] - verifyElementExist(findTestObject("Object Repository/Android Objects/X_Button"), 0): Element 'Object Repository/Android Objects/X_Button' is exist

2023-06-12 18:34:02 - [MESSAGE][WARNING] - Timeout '0' is invalid. Using default page load timeout: '30'

2023-06-12 18:34:02 - [MESSAGE][PASSED] - Element 'Object Repository/Android Objects/X_Button' is exist

2023-06-12 18:34:02 - [TEST_STEP][PASSED] - verifyElementText(findTestObject("Object Repository/Android Objects/android.widget.TextView - Username  password"), "Username & password"): Actual text and expected text of test object 'Object Repository/Android Objects/android.widget.TextView - Username  password' are matched.

2023-06-12 18:34:03 - [MESSAGE][PASSED] - Actual text and expected text of test object 'Object Repository/Android Objects/android.widget.TextView - Username  password' are matched.

2023-06-12 18:34:03 - [TEST_STEP][PASSED] - verifyElementText(findTestObject("Object Repository/Android Objects/android.widget.TextView - Please enter your username and password associated with your Charles Stanley account"), "Please enter your username and password associated with your Charles Stanley account."): Actual text and expected text of test object 'Object Repository/Android Objects/android.widget.TextView - Please enter your username and password associated with your Charles Stanley account' are matched.

2023-06-12 18:34:03 - [MESSAGE][PASSED] - Actual text and expected text of test object 'Object Repository/Android Objects/android.widget.TextView - Please enter your username and password associated with your Charles Stanley account' are matched.

2023-06-12 18:34:03 - [TEST_STEP][PASSED] - verifyElementText(findTestObject("Object Repository/Android Objects/Usernamefiled"), ""): Actual text and expected text of test object 'Object Repository/Android Objects/Usernamefiled' are matched.

2023-06-12 18:34:04 - [MESSAGE][PASSED] - Actual text and expected text of test object 'Object Repository/Android Objects/Usernamefiled' are matched.

2023-06-12 18:34:04 - [TEST_STEP][PASSED] - verifyElementText(findTestObject("Object Repository/Android Objects/Passwordfiled"), ""): Actual text and expected text of test object 'Object Repository/Android Objects/Passwordfiled' are matched.

2023-06-12 18:34:06 - [MESSAGE][PASSED] - Actual text and expected text of test object 'Object Repository/Android Objects/Passwordfiled' are matched.

2023-06-12 18:34:06 - [TEST_STEP][PASSED] - verifyElementVisible(findTestObject("Object Repository/Android Objects/eyebuttoninsignin"), 0): Element 'Object Repository/Android Objects/eyebuttoninsignin' is visible

2023-06-12 18:34:06 - [MESSAGE][WARNING] - Timeout '0' is invalid. Using default page load timeout: '30'

2023-06-12 18:34:07 - [MESSAGE][PASSED] - Element 'Object Repository/Android Objects/eyebuttoninsignin' is visible

2023-06-12 18:34:07 - [TEST_STEP][PASSED] - verifyElementVisible(findTestObject("Object Repository/SignIn/android.widget.TextView - Ive forgotten my details"), 0): Element 'Object Repository/SignIn/android.widget.TextView - Ive forgotten my details' is visible

2023-06-12 18:34:07 - [MESSAGE][WARNING] - Timeout '0' is invalid. Using default page load timeout: '30'

2023-06-12 18:34:07 - [MESSAGE][PASSED] - Element 'Object Repository/SignIn/android.widget.TextView - Ive forgotten my details' is visible

2023-06-12 18:34:07 - [TEST_STEP][PASSED] - getDriver().closeApp(): null

2023-06-12 18:34:08 - [TEST_STEP][PASSED] - getDriver().quit(): null

2023-06-12 18:34:09 - [TEST_STEP][PASSED] - Start listener action : sampleAfterTestCase: null]]></system-out>
         <system-err><![CDATA[]]></system-err>
      </testcase>
      <system-out><![CDATA[2023-06-12 18:30:28 - [TEST_SUITE][ERROR] - OneCS App Android: Test Cases/Sign In/2.01_Android FAILED.
Reason:
groovy.lang.MissingMethodException: No signature of method: static internal.GlobalVariable.getDriver() is applicable for argument types: () values: []
	at 2.01_Android.run(2.01_Android:33)
	at com.kms.katalon.core.main.ScriptEngine.run(ScriptEngine.java:194)
	at com.kms.katalon.core.main.ScriptEngine.runScriptAsRawText(ScriptEngine.java:119)
	at com.kms.katalon.core.main.TestCaseExecutor.runScript(TestCaseExecutor.java:448)
	at com.kms.katalon.core.main.TestCaseExecutor.doExecute(TestCaseExecutor.java:439)
	at com.kms.katalon.core.main.TestCaseExecutor.processExecutionPhase(TestCaseExecutor.java:418)
	at com.kms.katalon.core.main.TestCaseExecutor.accessMainPhase(TestCaseExecutor.java:410)
	at com.kms.katalon.core.main.TestCaseExecutor.execute(TestCaseExecutor.java:285)
	at com.kms.katalon.core.common.CommonExecutor.accessTestCaseMainPhase(CommonExecutor.java:65)
	at com.kms.katalon.core.main.TestSuiteExecutor.accessTestSuiteMainPhase(TestSuiteExecutor.java:148)
	at com.kms.katalon.core.main.TestSuiteExecutor.execute(TestSuiteExecutor.java:106)
	at com.kms.katalon.core.main.TestCaseMain.startTestSuite(TestCaseMain.java:187)
	at com.kms.katalon.core.main.TestCaseMain$startTestSuite$0.call(Unknown Source)
	at TempTestSuite1686574820096.run(TempTestSuite1686574820096.groovy:36)]]></system-out>
      <system-err><![CDATA[2023-06-12 18:30:28 - [TEST_SUITE][ERROR] - OneCS App Android: Test Cases/Sign In/2.01_Android FAILED.
Reason:
groovy.lang.MissingMethodException: No signature of method: static internal.GlobalVariable.getDriver() is applicable for argument types: () values: []
	at 2.01_Android.run(2.01_Android:33)
	at com.kms.katalon.core.main.ScriptEngine.run(ScriptEngine.java:194)
	at com.kms.katalon.core.main.ScriptEngine.runScriptAsRawText(ScriptEngine.java:119)
	at com.kms.katalon.core.main.TestCaseExecutor.runScript(TestCaseExecutor.java:448)
	at com.kms.katalon.core.main.TestCaseExecutor.doExecute(TestCaseExecutor.java:439)
	at com.kms.katalon.core.main.TestCaseExecutor.processExecutionPhase(TestCaseExecutor.java:418)
	at com.kms.katalon.core.main.TestCaseExecutor.accessMainPhase(TestCaseExecutor.java:410)
	at com.kms.katalon.core.main.TestCaseExecutor.execute(TestCaseExecutor.java:285)
	at com.kms.katalon.core.common.CommonExecutor.accessTestCaseMainPhase(CommonExecutor.java:65)
	at com.kms.katalon.core.main.TestSuiteExecutor.accessTestSuiteMainPhase(TestSuiteExecutor.java:148)
	at com.kms.katalon.core.main.TestSuiteExecutor.execute(TestSuiteExecutor.java:106)
	at com.kms.katalon.core.main.TestCaseMain.startTestSuite(TestCaseMain.java:187)
	at com.kms.katalon.core.main.TestCaseMain$startTestSuite$0.call(Unknown Source)
	at TempTestSuite1686574820096.run(TempTestSuite1686574820096.groovy:36)]]></system-err>
   </testsuite>
</testsuites>
