<?xml version="1.0" encoding="UTF-8"?>
<testsuites name="DataDriven" time="116.349" tests="6" failures="2" errors="0">
   <testsuite name="DataDriven" tests="6" failures="2" errors="0" time="116.349" skipped="0" timestamp="2023-06-06 11:21:25" hostname="akile - 10.146.4.42" id="Test Suites/DataDriven">
      <properties>
         <property name="deviceName" value=""/>
         <property name="devicePlatform" value=""/>
         <property name="logFolder" value="C:\\Users\\akile\\git\\KatalonMobileWeb\\Reports\\20230606_112114\\DataDriven\\20230606_112115"/>
         <property name="logFiles" value="C:\\Users\\akile\\git\\KatalonMobileWeb\\Reports\\20230606_112114\\DataDriven\\20230606_112115\\execution0.log"/>
         <property name="attachments" value="C:\\Users\\akile\\git\\KatalonMobileWeb\\Reports\\20230606_112114\\DataDriven\\20230606_112115\\1686030716981.png, C:\\Users\\akile\\git\\KatalonMobileWeb\\Reports\\20230606_112114\\DataDriven\\20230606_112115\\1686030717079.png, C:\\Users\\akile\\git\\KatalonMobileWeb\\Reports\\20230606_112114\\DataDriven\\20230606_112115\\1686030726141.png, C:\\Users\\akile\\git\\KatalonMobileWeb\\Reports\\20230606_112114\\DataDriven\\20230606_112115\\1686030726212.png, C:\\Users\\akile\\git\\KatalonMobileWeb\\Reports\\20230606_112114\\DataDriven\\20230606_112115\\1686030735916.png, C:\\Users\\akile\\git\\KatalonMobileWeb\\Reports\\20230606_112114\\DataDriven\\20230606_112115\\1686030735993.png, C:\\Users\\akile\\git\\KatalonMobileWeb\\Reports\\20230606_112114\\DataDriven\\20230606_112115\\1686030746297.png, C:\\Users\\akile\\git\\KatalonMobileWeb\\Reports\\20230606_112114\\DataDriven\\20230606_112115\\1686030746381.png, C:\\Users\\akile\\git\\KatalonMobileWeb\\Reports\\20230606_112114\\DataDriven\\20230606_112115\\1686030774606.png, C:\\Users\\akile\\git\\KatalonMobileWeb\\Reports\\20230606_112114\\DataDriven\\20230606_112115\\1686030774682.png, C:\\Users\\akile\\git\\KatalonMobileWeb\\Reports\\20230606_112114\\DataDriven\\20230606_112115\\1686030784111.png, C:\\Users\\akile\\git\\KatalonMobileWeb\\Reports\\20230606_112114\\DataDriven\\20230606_112115\\1686030784187.png, C:\\Users\\akile\\git\\KatalonMobileWeb\\Reports\\20230606_112114\\DataDriven\\20230606_112115\\1686030793062.png, C:\\Users\\akile\\git\\KatalonMobileWeb\\Reports\\20230606_112114\\DataDriven\\20230606_112115\\1686030793131.png, C:\\Users\\akile\\git\\KatalonMobileWeb\\Reports\\20230606_112114\\DataDriven\\20230606_112115\\1686030802147.png, C:\\Users\\akile\\git\\KatalonMobileWeb\\Reports\\20230606_112114\\DataDriven\\20230606_112115\\1686030802229.png"/>
         <property name="hostName" value="akile - 10.146.4.42"/>
         <property name="os" value="Windows 10 64bit"/>
         <property name="katalonVersion" value="8.6.0.208"/>
         <property name="browser" value="Chrome 114.0.0.0"/>
         <property name="hostAddress" value="10.146.4.42"/>
         <property name="sessionId" value="ffb3cfa2bbe9079e9d7db3a72e7ff3df"/>
         <property name="seleniumVersion" value="3.141.59"/>
         <property name="proxyInformation" value="ProxyInformation { proxyOption=NO_PROXY, proxyServerType=HTTP, username=, password=********, proxyServerAddress=, proxyServerPort=0, executionList=&quot;&quot;, isApplyToDesiredCapabilities=true }"/>
         <property name="platform" value="Windows 10"/>
      </properties>
      <testcase name="Test Cases/Secure Portal DD" time="10.5" classname="Test Cases/Secure Portal DD" status="PASSED">
         <system-out><![CDATA[2023-06-06 11:21:26 - [TEST_CASE][PASSED] - Test Cases/Secure Portal DD: Test Cases/Secure Portal DD

2023-06-06 11:21:26 - [TEST_STEP][PASSED] - openBrowser(""): Browser is opened with url: ''

2023-06-06 11:21:26 - [MESSAGE][INFO] - Starting 'Chrome' driver

2023-06-06 11:21:26 - [MESSAGE][INFO] - Action delay is set to 0 milliseconds

2023-06-06 11:21:28 - [MESSAGE][WARNING] - FFmpeg was not installed! Browser Recording will be disabled. Please follow this document to install FFmpeg first: https://docs.katalon.com/katalon-studio/docs/screenshots-videos.html#browser-based-recorder

2023-06-06 11:21:28 - [MESSAGE][PASSED] - Browser is opened with url: ''

2023-06-06 11:21:28 - [TEST_STEP][PASSED] - navigateToUrl(SecurePortal): Navigate to 'http://secure-sit.charles-stanley.co.uk/' successfully

2023-06-06 11:21:32 - [MESSAGE][PASSED] - Navigate to 'http://secure-sit.charles-stanley.co.uk/' successfully

2023-06-06 11:21:32 - [TEST_STEP][PASSED] - setText(findTestObject("Object Repository/Secure Portal DD/Page_Portal/input_Username_username"), Username): Text 'bob' is set on object 'Object Repository/Secure Portal DD/Page_Portal/input_Username_username'

2023-06-06 11:21:33 - [MESSAGE][PASSED] - Text 'bob' is set on object 'Object Repository/Secure Portal DD/Page_Portal/input_Username_username'

2023-06-06 11:21:33 - [TEST_STEP][PASSED] - setText(findTestObject("Object Repository/Secure Portal DD/Page_Portal/input_Password_password"), Password): Text 'Pass123$' is set on object 'Object Repository/Secure Portal DD/Page_Portal/input_Password_password'

2023-06-06 11:21:33 - [MESSAGE][PASSED] - Text 'Pass123$' is set on object 'Object Repository/Secure Portal DD/Page_Portal/input_Password_password'

2023-06-06 11:21:33 - [TEST_STEP][PASSED] - click(findTestObject("Object Repository/Secure Portal DD/Page_Portal/button_Continue")): Object: 'Object Repository/Secure Portal DD/Page_Portal/button_Continue' is clicked on

2023-06-06 11:21:34 - [MESSAGE][PASSED] - Object: 'Object Repository/Secure Portal DD/Page_Portal/button_Continue' is clicked on

2023-06-06 11:21:34 - [TEST_STEP][PASSED] - verifyElementVisible(findTestObject("Secure Portal DD/Page_Portal/h2_Enter the verification code we have sent_0a5385")): Object 'Object Repository/Secure Portal DD/Page_Portal/h2_Enter the verification code we have sent_0a5385' is visible

2023-06-06 11:21:36 - [MESSAGE][PASSED] - Object 'Object Repository/Secure Portal DD/Page_Portal/h2_Enter the verification code we have sent_0a5385' is visible

2023-06-06 11:21:36 - [TEST_STEP][PASSED] - verifyElementText(findTestObject("Object Repository/Secure Portal DD/Page_Portal/Page_Portal/h2_Enter the verification code we have sent_0a5385"), "Enter the verification code we have sent to your mobile phone"): Actual text and expected text of test object 'Object Repository/Secure Portal DD/Page_Portal/Page_Portal/h2_Enter the verification code we have sent_0a5385' are matched.

2023-06-06 11:21:36 - [MESSAGE][PASSED] - Actual text and expected text of test object 'Object Repository/Secure Portal DD/Page_Portal/Page_Portal/h2_Enter the verification code we have sent_0a5385' are matched.]]></system-out>
         <system-err><![CDATA[]]></system-err>
      </testcase>
      <testcase name="Test Cases/Secure Portal DD" time="8.259" classname="Test Cases/Secure Portal DD" status="PASSED">
         <system-out><![CDATA[2023-06-06 11:21:36 - [TEST_CASE][PASSED] - Test Cases/Secure Portal DD: Test Cases/Secure Portal DD

2023-06-06 11:21:36 - [TEST_STEP][PASSED] - openBrowser(""): Browser is opened with url: ''

2023-06-06 11:21:36 - [MESSAGE][WARNING] - A browser is already opened. Closing browser and opening a new one

2023-06-06 11:21:37 - [MESSAGE][INFO] - Starting 'Chrome' driver

2023-06-06 11:21:37 - [MESSAGE][INFO] - Action delay is set to 0 milliseconds

2023-06-06 11:21:38 - [MESSAGE][WARNING] - FFmpeg was not installed! Browser Recording will be disabled. Please follow this document to install FFmpeg first: https://docs.katalon.com/katalon-studio/docs/screenshots-videos.html#browser-based-recorder

2023-06-06 11:21:38 - [MESSAGE][PASSED] - Browser is opened with url: ''

2023-06-06 11:21:38 - [TEST_STEP][PASSED] - navigateToUrl(SecurePortal): Navigate to 'http://secure-sit.charles-stanley.co.uk/' successfully

2023-06-06 11:21:40 - [MESSAGE][PASSED] - Navigate to 'http://secure-sit.charles-stanley.co.uk/' successfully

2023-06-06 11:21:40 - [TEST_STEP][PASSED] - setText(findTestObject("Object Repository/Secure Portal DD/Page_Portal/input_Username_username"), Username): Text 'execution' is set on object 'Object Repository/Secure Portal DD/Page_Portal/input_Username_username'

2023-06-06 11:21:41 - [MESSAGE][PASSED] - Text 'execution' is set on object 'Object Repository/Secure Portal DD/Page_Portal/input_Username_username'

2023-06-06 11:21:41 - [TEST_STEP][PASSED] - setText(findTestObject("Object Repository/Secure Portal DD/Page_Portal/input_Password_password"), Password): Text 'Cupholder1' is set on object 'Object Repository/Secure Portal DD/Page_Portal/input_Password_password'

2023-06-06 11:21:42 - [MESSAGE][PASSED] - Text 'Cupholder1' is set on object 'Object Repository/Secure Portal DD/Page_Portal/input_Password_password'

2023-06-06 11:21:42 - [TEST_STEP][PASSED] - click(findTestObject("Object Repository/Secure Portal DD/Page_Portal/button_Continue")): Object: 'Object Repository/Secure Portal DD/Page_Portal/button_Continue' is clicked on

2023-06-06 11:21:42 - [MESSAGE][PASSED] - Object: 'Object Repository/Secure Portal DD/Page_Portal/button_Continue' is clicked on

2023-06-06 11:21:42 - [TEST_STEP][PASSED] - verifyElementVisible(findTestObject("Secure Portal DD/Page_Portal/h2_Enter the verification code we have sent_0a5385")): Object 'Object Repository/Secure Portal DD/Page_Portal/h2_Enter the verification code we have sent_0a5385' is visible

2023-06-06 11:21:44 - [MESSAGE][PASSED] - Object 'Object Repository/Secure Portal DD/Page_Portal/h2_Enter the verification code we have sent_0a5385' is visible

2023-06-06 11:21:44 - [TEST_STEP][PASSED] - verifyElementText(findTestObject("Object Repository/Secure Portal DD/Page_Portal/Page_Portal/h2_Enter the verification code we have sent_0a5385"), "Enter the verification code we have sent to your mobile phone"): Actual text and expected text of test object 'Object Repository/Secure Portal DD/Page_Portal/Page_Portal/h2_Enter the verification code we have sent_0a5385' are matched.

2023-06-06 11:21:45 - [MESSAGE][PASSED] - Actual text and expected text of test object 'Object Repository/Secure Portal DD/Page_Portal/Page_Portal/h2_Enter the verification code we have sent_0a5385' are matched.]]></system-out>
         <system-err><![CDATA[]]></system-err>
      </testcase>
      <testcase name="Test Cases/Secure Portal DD" time="10.388" classname="Test Cases/Secure Portal DD" status="FAILED">
         <failure type="FAILED" message="Test Cases/Secure Portal DD FAILED.
Reason:
com.kms.katalon.core.exception.StepFailedException: Verify element text of test object 'Object Repository/Secure Portal DD/Page_Portal/Page_Portal/h2_Enter the verification code we have sent_0a5385' FAILED.
	at com.kms.katalon.core.webui.keyword.internal.WebUIKeywordMain.stepFailed(WebUIKeywordMain.groovy:64)
	at com.kms.katalon.core.webui.keyword.internal.WebUIKeywordMain.runKeyword(WebUIKeywordMain.groovy:26)
	at com.kms.katalon.core.webui.keyword.builtin.VerifyElementTextKeyword.verifyElementText(VerifyElementTextKeyword.groovy:72)
	at com.kms.katalon.core.webui.keyword.builtin.VerifyElementTextKeyword.execute(VerifyElementTextKeyword.groovy:40)
	at com.kms.katalon.core.keyword.internal.KeywordExecutor.executeKeywordForPlatform(KeywordExecutor.groovy:74)
	at com.kms.katalon.core.webui.keyword.WebUiBuiltInKeywords.verifyElementText(WebUiBuiltInKeywords.groovy:4749)
	at com.kms.katalon.core.webui.keyword.WebUiBuiltInKeywords$verifyElementText$4.call(Unknown Source)
	at Secure Portal DD.run(Secure Portal DD:32)
	at com.kms.katalon.core.main.ScriptEngine.run(ScriptEngine.java:194)
	at com.kms.katalon.core.main.ScriptEngine.runScriptAsRawText(ScriptEngine.java:119)
	at com.kms.katalon.core.main.TestCaseExecutor.runScript(TestCaseExecutor.java:448)
	at com.kms.katalon.core.main.TestCaseExecutor.doExecute(TestCaseExecutor.java:439)
	at com.kms.katalon.core.main.TestCaseExecutor.processExecutionPhase(TestCaseExecutor.java:418)
	at com.kms.katalon.core.main.TestCaseExecutor.accessMainPhase(TestCaseExecutor.java:410)
	at com.kms.katalon.core.main.TestCaseExecutor.execute(TestCaseExecutor.java:285)
	at com.kms.katalon.core.main.TestCaseExecutor.execute(TestCaseExecutor.java:369)
	at com.kms.katalon.core.main.TestCaseExecutor.execute(TestCaseExecutor.java:369)
	at com.kms.katalon.core.main.TestCaseExecutor.execute(TestCaseExecutor.java:369)
	at com.kms.katalon.core.common.CommonExecutor.accessTestCaseMainPhase(CommonExecutor.java:65)
	at com.kms.katalon.core.main.TestSuiteExecutor.accessTestSuiteMainPhase(TestSuiteExecutor.java:148)
	at com.kms.katalon.core.main.TestSuiteExecutor.execute(TestSuiteExecutor.java:106)
	at com.kms.katalon.core.main.TestCaseMain.startTestSuite(TestCaseMain.java:187)
	at com.kms.katalon.core.main.TestCaseMain$startTestSuite$0.call(Unknown Source)
	at TempTestSuite1686030675937.run(TempTestSuite1686030675937.groovy:36)
Caused by: com.kms.katalon.core.exception.StepFailedException: Actual text 'Sign in' and expected text 'Enter the verification code we have sent to your mobile phone' of test object 'Object Repository/Secure Portal DD/Page_Portal/Page_Portal/h2_Enter the verification code we have sent_0a5385' are NOT matched.
	at com.kms.katalon.core.webui.keyword.internal.WebUIKeywordMain.stepFailed(WebUIKeywordMain.groovy:64)
	at com.kms.katalon.core.webui.keyword.builtin.VerifyElementTextKeyword$_verifyElementText_closure1.doCall(VerifyElementTextKeyword.groovy:57)
	at com.kms.katalon.core.webui.keyword.builtin.VerifyElementTextKeyword$_verifyElementText_closure1.call(VerifyElementTextKeyword.groovy)
	at com.kms.katalon.core.webui.keyword.internal.WebUIKeywordMain.runKeyword(WebUIKeywordMain.groovy:20)
	... 22 more
"/>
         <system-out><![CDATA[2023-06-06 11:22:16 - [TEST_CASE][FAILED] - Test Cases/Secure Portal DD: Test Cases/Secure Portal DD FAILED.
Reason:
com.kms.katalon.core.exception.StepFailedException: Verify element text of test object 'Object Repository/Secure Portal DD/Page_Portal/Page_Portal/h2_Enter the verification code we have sent_0a5385' FAILED.
	at com.kms.katalon.core.webui.keyword.internal.WebUIKeywordMain.stepFailed(WebUIKeywordMain.groovy:64)
	at com.kms.katalon.core.webui.keyword.internal.WebUIKeywordMain.runKeyword(WebUIKeywordMain.groovy:26)
	at com.kms.katalon.core.webui.keyword.builtin.VerifyElementTextKeyword.verifyElementText(VerifyElementTextKeyword.groovy:72)
	at com.kms.katalon.core.webui.keyword.builtin.VerifyElementTextKeyword.execute(VerifyElementTextKeyword.groovy:40)
	at com.kms.katalon.core.keyword.internal.KeywordExecutor.executeKeywordForPlatform(KeywordExecutor.groovy:74)
	at com.kms.katalon.core.webui.keyword.WebUiBuiltInKeywords.verifyElementText(WebUiBuiltInKeywords.groovy:4749)
	at com.kms.katalon.core.webui.keyword.WebUiBuiltInKeywords$verifyElementText$4.call(Unknown Source)
	at Secure Portal DD.run(Secure Portal DD:32)
	at com.kms.katalon.core.main.ScriptEngine.run(ScriptEngine.java:194)
	at com.kms.katalon.core.main.ScriptEngine.runScriptAsRawText(ScriptEngine.java:119)
	at com.kms.katalon.core.main.TestCaseExecutor.runScript(TestCaseExecutor.java:448)
	at com.kms.katalon.core.main.TestCaseExecutor.doExecute(TestCaseExecutor.java:439)
	at com.kms.katalon.core.main.TestCaseExecutor.processExecutionPhase(TestCaseExecutor.java:418)
	at com.kms.katalon.core.main.TestCaseExecutor.accessMainPhase(TestCaseExecutor.java:410)
	at com.kms.katalon.core.main.TestCaseExecutor.execute(TestCaseExecutor.java:285)
	at com.kms.katalon.core.main.TestCaseExecutor.execute(TestCaseExecutor.java:369)
	at com.kms.katalon.core.main.TestCaseExecutor.execute(TestCaseExecutor.java:369)
	at com.kms.katalon.core.main.TestCaseExecutor.execute(TestCaseExecutor.java:369)
	at com.kms.katalon.core.common.CommonExecutor.accessTestCaseMainPhase(CommonExecutor.java:65)
	at com.kms.katalon.core.main.TestSuiteExecutor.accessTestSuiteMainPhase(TestSuiteExecutor.java:148)
	at com.kms.katalon.core.main.TestSuiteExecutor.execute(TestSuiteExecutor.java:106)
	at com.kms.katalon.core.main.TestCaseMain.startTestSuite(TestCaseMain.java:187)
	at com.kms.katalon.core.main.TestCaseMain$startTestSuite$0.call(Unknown Source)
	at TempTestSuite1686030675937.run(TempTestSuite1686030675937.groovy:36)
Caused by: com.kms.katalon.core.exception.StepFailedException: Actual text 'Sign in' and expected text 'Enter the verification code we have sent to your mobile phone' of test object 'Object Repository/Secure Portal DD/Page_Portal/Page_Portal/h2_Enter the verification code we have sent_0a5385' are NOT matched.
	at com.kms.katalon.core.webui.keyword.internal.WebUIKeywordMain.stepFailed(WebUIKeywordMain.groovy:64)
	at com.kms.katalon.core.webui.keyword.builtin.VerifyElementTextKeyword$_verifyElementText_closure1.doCall(VerifyElementTextKeyword.groovy:57)
	at com.kms.katalon.core.webui.keyword.builtin.VerifyElementTextKeyword$_verifyElementText_closure1.call(VerifyElementTextKeyword.groovy)
	at com.kms.katalon.core.webui.keyword.internal.WebUIKeywordMain.runKeyword(WebUIKeywordMain.groovy:20)
	... 22 more


2023-06-06 11:22:16 - [TEST_STEP][PASSED] - openBrowser(""): Browser is opened with url: ''

2023-06-06 11:22:16 - [MESSAGE][WARNING] - A browser is already opened. Closing browser and opening a new one

2023-06-06 11:22:16 - [MESSAGE][INFO] - Starting 'Chrome' driver

2023-06-06 11:22:16 - [MESSAGE][INFO] - Action delay is set to 0 milliseconds

2023-06-06 11:22:17 - [MESSAGE][WARNING] - FFmpeg was not installed! Browser Recording will be disabled. Please follow this document to install FFmpeg first: https://docs.katalon.com/katalon-studio/docs/screenshots-videos.html#browser-based-recorder

2023-06-06 11:22:17 - [MESSAGE][PASSED] - Browser is opened with url: ''

2023-06-06 11:22:17 - [TEST_STEP][PASSED] - navigateToUrl(SecurePortal): Navigate to 'http://secure-sit.charles-stanley.co.uk/' successfully

2023-06-06 11:22:21 - [MESSAGE][PASSED] - Navigate to 'http://secure-sit.charles-stanley.co.uk/' successfully

2023-06-06 11:22:21 - [TEST_STEP][PASSED] - setText(findTestObject("Object Repository/Secure Portal DD/Page_Portal/input_Username_username"), Username): Text 'Username' is set on object 'Object Repository/Secure Portal DD/Page_Portal/input_Username_username'

2023-06-06 11:22:22 - [MESSAGE][PASSED] - Text 'Username' is set on object 'Object Repository/Secure Portal DD/Page_Portal/input_Username_username'

2023-06-06 11:22:22 - [TEST_STEP][PASSED] - setText(findTestObject("Object Repository/Secure Portal DD/Page_Portal/input_Password_password"), Password): Text 'Password' is set on object 'Object Repository/Secure Portal DD/Page_Portal/input_Password_password'

2023-06-06 11:22:22 - [MESSAGE][PASSED] - Text 'Password' is set on object 'Object Repository/Secure Portal DD/Page_Portal/input_Password_password'

2023-06-06 11:22:22 - [TEST_STEP][PASSED] - click(findTestObject("Object Repository/Secure Portal DD/Page_Portal/button_Continue")): Object: 'Object Repository/Secure Portal DD/Page_Portal/button_Continue' is clicked on

2023-06-06 11:22:23 - [MESSAGE][PASSED] - Object: 'Object Repository/Secure Portal DD/Page_Portal/button_Continue' is clicked on

2023-06-06 11:22:23 - [TEST_STEP][PASSED] - verifyElementVisible(findTestObject("Secure Portal DD/Page_Portal/h2_Enter the verification code we have sent_0a5385")): Object 'Object Repository/Secure Portal DD/Page_Portal/h2_Enter the verification code we have sent_0a5385' is visible

2023-06-06 11:22:24 - [MESSAGE][INFO] - Unable to find the element located by 'By.xpath: //h2[(text() = 'Enter the verification code we have sent to your mobile phone' or . = 'Enter the verification code we have sent to your mobile phone')]'. Please recheck the objects properties to make sure the desired element is located. 

2023-06-06 11:22:24 - [MESSAGE][WARNING] - [SELF-HEALING] Failed to find element with id 'Object Repository/Secure Portal DD/Page_Portal/h2_Enter the verification code we have sent_0a5385'. Try using Self-healing.

2023-06-06 11:22:24 - [MESSAGE][WARNING] - [SELF-HEALING] The current locator of test object 'Object Repository/Secure Portal DD/Page_Portal/h2_Enter the verification code we have sent_0a5385' was broken. Propose an alternative one: 'h2.font-mrs-eaves.font-h2.mb-m'.

2023-06-06 11:22:24 - [MESSAGE][PASSED] - Object 'Object Repository/Secure Portal DD/Page_Portal/h2_Enter the verification code we have sent_0a5385' is visible

2023-06-06 11:22:24 - [TEST_STEP][FAILED] - verifyElementText(findTestObject("Object Repository/Secure Portal DD/Page_Portal/Page_Portal/h2_Enter the verification code we have sent_0a5385"), "Enter the verification code we have sent to your mobile phone"): Verify element text of test object 'Object Repository/Secure Portal DD/Page_Portal/Page_Portal/h2_Enter the verification code we have sent_0a5385' FAILED. (Root cause: com.kms.katalon.core.exception.StepFailedException: Verify element text of test object 'Object Repository/Secure Portal DD/Page_Portal/Page_Portal/h2_Enter the verification code we have sent_0a5385' FAILED.
	at com.kms.katalon.core.webui.keyword.internal.WebUIKeywordMain.stepFailed(WebUIKeywordMain.groovy:64)
	at com.kms.katalon.core.webui.keyword.internal.WebUIKeywordMain.runKeyword(WebUIKeywordMain.groovy:26)
	at com.kms.katalon.core.webui.keyword.builtin.VerifyElementTextKeyword.verifyElementText(VerifyElementTextKeyword.groovy:72)
	at com.kms.katalon.core.webui.keyword.builtin.VerifyElementTextKeyword.execute(VerifyElementTextKeyword.groovy:40)
	at com.kms.katalon.core.keyword.internal.KeywordExecutor.executeKeywordForPlatform(KeywordExecutor.groovy:74)
	at com.kms.katalon.core.webui.keyword.WebUiBuiltInKeywords.verifyElementText(WebUiBuiltInKeywords.groovy:4749)
	at com.kms.katalon.core.webui.keyword.WebUiBuiltInKeywords$verifyElementText$4.call(Unknown Source)
	at Secure Portal DD.run(Secure Portal DD:32)
	at com.kms.katalon.core.main.ScriptEngine.run(ScriptEngine.java:194)
	at com.kms.katalon.core.main.ScriptEngine.runScriptAsRawText(ScriptEngine.java:119)
	at com.kms.katalon.core.main.TestCaseExecutor.runScript(TestCaseExecutor.java:448)
	at com.kms.katalon.core.main.TestCaseExecutor.doExecute(TestCaseExecutor.java:439)
	at com.kms.katalon.core.main.TestCaseExecutor.processExecutionPhase(TestCaseExecutor.java:418)
	at com.kms.katalon.core.main.TestCaseExecutor.accessMainPhase(TestCaseExecutor.java:410)
	at com.kms.katalon.core.main.TestCaseExecutor.execute(TestCaseExecutor.java:285)
	at com.kms.katalon.core.main.TestCaseExecutor.execute(TestCaseExecutor.java:369)
	at com.kms.katalon.core.main.TestCaseExecutor.execute(TestCaseExecutor.java:369)
	at com.kms.katalon.core.main.TestCaseExecutor.execute(TestCaseExecutor.java:369)
	at com.kms.katalon.core.common.CommonExecutor.accessTestCaseMainPhase(CommonExecutor.java:65)
	at com.kms.katalon.core.main.TestSuiteExecutor.accessTestSuiteMainPhase(TestSuiteExecutor.java:148)
	at com.kms.katalon.core.main.TestSuiteExecutor.execute(TestSuiteExecutor.java:106)
	at com.kms.katalon.core.main.TestCaseMain.startTestSuite(TestCaseMain.java:187)
	at com.kms.katalon.core.main.TestCaseMain$startTestSuite$0.call(Unknown Source)
	at TempTestSuite1686030675937.run(TempTestSuite1686030675937.groovy:36)
Caused by: com.kms.katalon.core.exception.StepFailedException: Actual text 'Sign in' and expected text 'Enter the verification code we have sent to your mobile phone' of test object 'Object Repository/Secure Portal DD/Page_Portal/Page_Portal/h2_Enter the verification code we have sent_0a5385' are NOT matched.
	at com.kms.katalon.core.webui.keyword.internal.WebUIKeywordMain.stepFailed(WebUIKeywordMain.groovy:64)
	at com.kms.katalon.core.webui.keyword.builtin.VerifyElementTextKeyword$_verifyElementText_closure1.doCall(VerifyElementTextKeyword.groovy:57)
	at com.kms.katalon.core.webui.keyword.builtin.VerifyElementTextKeyword$_verifyElementText_closure1.call(VerifyElementTextKeyword.groovy)
	at com.kms.katalon.core.webui.keyword.internal.WebUIKeywordMain.runKeyword(WebUIKeywordMain.groovy:20)
	... 22 more
)

2023-06-06 11:22:26 - [MESSAGE][INFO] - Unable to find the element located by 'By.xpath: //h2[(text() = 'Enter the verification code we have sent to your mobile phone' or . = 'Enter the verification code we have sent to your mobile phone')]'. Please recheck the objects properties to make sure the desired element is located. 

2023-06-06 11:22:26 - [MESSAGE][WARNING] - [SELF-HEALING] Failed to find element with id 'Object Repository/Secure Portal DD/Page_Portal/Page_Portal/h2_Enter the verification code we have sent_0a5385'. Try using Self-healing.

2023-06-06 11:22:26 - [MESSAGE][WARNING] - [SELF-HEALING] The current locator of test object 'Object Repository/Secure Portal DD/Page_Portal/Page_Portal/h2_Enter the verification code we have sent_0a5385' was broken. Propose an alternative one: 'h2.font-mrs-eaves.font-h2.mb-m'.

2023-06-06 11:22:26 - [MESSAGE][FAILED] - Actual text 'Sign in' and expected text 'Enter the verification code we have sent to your mobile phone' of test object 'Object Repository/Secure Portal DD/Page_Portal/Page_Portal/h2_Enter the verification code we have sent_0a5385' are NOT matched. (Root cause: com.kms.katalon.core.exception.StepFailedException: Actual text 'Sign in' and expected text 'Enter the verification code we have sent to your mobile phone' of test object 'Object Repository/Secure Portal DD/Page_Portal/Page_Portal/h2_Enter the verification code we have sent_0a5385' are NOT matched.
	at com.kms.katalon.core.webui.keyword.internal.WebUIKeywordMain.stepFailed(WebUIKeywordMain.groovy:64)
	at com.kms.katalon.core.webui.keyword.builtin.VerifyElementTextKeyword$_verifyElementText_closure1.doCall(VerifyElementTextKeyword.groovy:57)
	at com.kms.katalon.core.webui.keyword.builtin.VerifyElementTextKeyword$_verifyElementText_closure1.call(VerifyElementTextKeyword.groovy)
	at com.kms.katalon.core.webui.keyword.internal.WebUIKeywordMain.runKeyword(WebUIKeywordMain.groovy:20)
	at com.kms.katalon.core.webui.keyword.builtin.VerifyElementTextKeyword.verifyElementText(VerifyElementTextKeyword.groovy:72)
	at com.kms.katalon.core.webui.keyword.builtin.VerifyElementTextKeyword.execute(VerifyElementTextKeyword.groovy:40)
	at com.kms.katalon.core.keyword.internal.KeywordExecutor.executeKeywordForPlatform(KeywordExecutor.groovy:74)
	at com.kms.katalon.core.webui.keyword.WebUiBuiltInKeywords.verifyElementText(WebUiBuiltInKeywords.groovy:4749)
	at com.kms.katalon.core.webui.keyword.WebUiBuiltInKeywords$verifyElementText$4.call(Unknown Source)
	at Secure Portal DD.run(Secure Portal DD:32)
	at com.kms.katalon.core.main.ScriptEngine.run(ScriptEngine.java:194)
	at com.kms.katalon.core.main.ScriptEngine.runScriptAsRawText(ScriptEngine.java:119)
	at com.kms.katalon.core.main.TestCaseExecutor.runScript(TestCaseExecutor.java:448)
	at com.kms.katalon.core.main.TestCaseExecutor.doExecute(TestCaseExecutor.java:439)
	at com.kms.katalon.core.main.TestCaseExecutor.processExecutionPhase(TestCaseExecutor.java:418)
	at com.kms.katalon.core.main.TestCaseExecutor.accessMainPhase(TestCaseExecutor.java:410)
	at com.kms.katalon.core.main.TestCaseExecutor.execute(TestCaseExecutor.java:285)
	at com.kms.katalon.core.main.TestCaseExecutor.execute(TestCaseExecutor.java:369)
	at com.kms.katalon.core.main.TestCaseExecutor.execute(TestCaseExecutor.java:369)
	at com.kms.katalon.core.main.TestCaseExecutor.execute(TestCaseExecutor.java:369)
	at com.kms.katalon.core.common.CommonExecutor.accessTestCaseMainPhase(CommonExecutor.java:65)
	at com.kms.katalon.core.main.TestSuiteExecutor.accessTestSuiteMainPhase(TestSuiteExecutor.java:148)
	at com.kms.katalon.core.main.TestSuiteExecutor.execute(TestSuiteExecutor.java:106)
	at com.kms.katalon.core.main.TestCaseMain.startTestSuite(TestCaseMain.java:187)
	at com.kms.katalon.core.main.TestCaseMain$startTestSuite$0.call(Unknown Source)
	at TempTestSuite1686030675937.run(TempTestSuite1686030675937.groovy:36)
)
[[ATTACHMENT|C:\\Users\\akile\\git\\KatalonMobileWeb\\Reports\\20230606_112114\\DataDriven\\20230606_112115\\1686030746297.png]]

2023-06-06 11:22:26 - [MESSAGE][FAILED] - Verify element text of test object 'Object Repository/Secure Portal DD/Page_Portal/Page_Portal/h2_Enter the verification code we have sent_0a5385' FAILED. (Root cause: com.kms.katalon.core.exception.StepFailedException: Verify element text of test object 'Object Repository/Secure Portal DD/Page_Portal/Page_Portal/h2_Enter the verification code we have sent_0a5385' FAILED.
	at com.kms.katalon.core.webui.keyword.internal.WebUIKeywordMain.stepFailed(WebUIKeywordMain.groovy:64)
	at com.kms.katalon.core.webui.keyword.internal.WebUIKeywordMain.runKeyword(WebUIKeywordMain.groovy:26)
	at com.kms.katalon.core.webui.keyword.builtin.VerifyElementTextKeyword.verifyElementText(VerifyElementTextKeyword.groovy:72)
	at com.kms.katalon.core.webui.keyword.builtin.VerifyElementTextKeyword.execute(VerifyElementTextKeyword.groovy:40)
	at com.kms.katalon.core.keyword.internal.KeywordExecutor.executeKeywordForPlatform(KeywordExecutor.groovy:74)
	at com.kms.katalon.core.webui.keyword.WebUiBuiltInKeywords.verifyElementText(WebUiBuiltInKeywords.groovy:4749)
	at com.kms.katalon.core.webui.keyword.WebUiBuiltInKeywords$verifyElementText$4.call(Unknown Source)
	at Secure Portal DD.run(Secure Portal DD:32)
	at com.kms.katalon.core.main.ScriptEngine.run(ScriptEngine.java:194)
	at com.kms.katalon.core.main.ScriptEngine.runScriptAsRawText(ScriptEngine.java:119)
	at com.kms.katalon.core.main.TestCaseExecutor.runScript(TestCaseExecutor.java:448)
	at com.kms.katalon.core.main.TestCaseExecutor.doExecute(TestCaseExecutor.java:439)
	at com.kms.katalon.core.main.TestCaseExecutor.processExecutionPhase(TestCaseExecutor.java:418)
	at com.kms.katalon.core.main.TestCaseExecutor.accessMainPhase(TestCaseExecutor.java:410)
	at com.kms.katalon.core.main.TestCaseExecutor.execute(TestCaseExecutor.java:285)
	at com.kms.katalon.core.main.TestCaseExecutor.execute(TestCaseExecutor.java:369)
	at com.kms.katalon.core.main.TestCaseExecutor.execute(TestCaseExecutor.java:369)
	at com.kms.katalon.core.main.TestCaseExecutor.execute(TestCaseExecutor.java:369)
	at com.kms.katalon.core.common.CommonExecutor.accessTestCaseMainPhase(CommonExecutor.java:65)
	at com.kms.katalon.core.main.TestSuiteExecutor.accessTestSuiteMainPhase(TestSuiteExecutor.java:148)
	at com.kms.katalon.core.main.TestSuiteExecutor.execute(TestSuiteExecutor.java:106)
	at com.kms.katalon.core.main.TestCaseMain.startTestSuite(TestCaseMain.java:187)
	at com.kms.katalon.core.main.TestCaseMain$startTestSuite$0.call(Unknown Source)
	at TempTestSuite1686030675937.run(TempTestSuite1686030675937.groovy:36)
Caused by: com.kms.katalon.core.exception.StepFailedException: Actual text 'Sign in' and expected text 'Enter the verification code we have sent to your mobile phone' of test object 'Object Repository/Secure Portal DD/Page_Portal/Page_Portal/h2_Enter the verification code we have sent_0a5385' are NOT matched.
	at com.kms.katalon.core.webui.keyword.internal.WebUIKeywordMain.stepFailed(WebUIKeywordMain.groovy:64)
	at com.kms.katalon.core.webui.keyword.builtin.VerifyElementTextKeyword$_verifyElementText_closure1.doCall(VerifyElementTextKeyword.groovy:57)
	at com.kms.katalon.core.webui.keyword.builtin.VerifyElementTextKeyword$_verifyElementText_closure1.call(VerifyElementTextKeyword.groovy)
	at com.kms.katalon.core.webui.keyword.internal.WebUIKeywordMain.runKeyword(WebUIKeywordMain.groovy:20)
	... 22 more
)
[[ATTACHMENT|C:\\Users\\akile\\git\\KatalonMobileWeb\\Reports\\20230606_112114\\DataDriven\\20230606_112115\\1686030746381.png]]]]></system-out>
         <system-err><![CDATA[2023-06-06 11:22:16 - [TEST_CASE][FAILED] - Test Cases/Secure Portal DD: Test Cases/Secure Portal DD FAILED.
Reason:
com.kms.katalon.core.exception.StepFailedException: Verify element text of test object 'Object Repository/Secure Portal DD/Page_Portal/Page_Portal/h2_Enter the verification code we have sent_0a5385' FAILED.
	at com.kms.katalon.core.webui.keyword.internal.WebUIKeywordMain.stepFailed(WebUIKeywordMain.groovy:64)
	at com.kms.katalon.core.webui.keyword.internal.WebUIKeywordMain.runKeyword(WebUIKeywordMain.groovy:26)
	at com.kms.katalon.core.webui.keyword.builtin.VerifyElementTextKeyword.verifyElementText(VerifyElementTextKeyword.groovy:72)
	at com.kms.katalon.core.webui.keyword.builtin.VerifyElementTextKeyword.execute(VerifyElementTextKeyword.groovy:40)
	at com.kms.katalon.core.keyword.internal.KeywordExecutor.executeKeywordForPlatform(KeywordExecutor.groovy:74)
	at com.kms.katalon.core.webui.keyword.WebUiBuiltInKeywords.verifyElementText(WebUiBuiltInKeywords.groovy:4749)
	at com.kms.katalon.core.webui.keyword.WebUiBuiltInKeywords$verifyElementText$4.call(Unknown Source)
	at Secure Portal DD.run(Secure Portal DD:32)
	at com.kms.katalon.core.main.ScriptEngine.run(ScriptEngine.java:194)
	at com.kms.katalon.core.main.ScriptEngine.runScriptAsRawText(ScriptEngine.java:119)
	at com.kms.katalon.core.main.TestCaseExecutor.runScript(TestCaseExecutor.java:448)
	at com.kms.katalon.core.main.TestCaseExecutor.doExecute(TestCaseExecutor.java:439)
	at com.kms.katalon.core.main.TestCaseExecutor.processExecutionPhase(TestCaseExecutor.java:418)
	at com.kms.katalon.core.main.TestCaseExecutor.accessMainPhase(TestCaseExecutor.java:410)
	at com.kms.katalon.core.main.TestCaseExecutor.execute(TestCaseExecutor.java:285)
	at com.kms.katalon.core.main.TestCaseExecutor.execute(TestCaseExecutor.java:369)
	at com.kms.katalon.core.main.TestCaseExecutor.execute(TestCaseExecutor.java:369)
	at com.kms.katalon.core.main.TestCaseExecutor.execute(TestCaseExecutor.java:369)
	at com.kms.katalon.core.common.CommonExecutor.accessTestCaseMainPhase(CommonExecutor.java:65)
	at com.kms.katalon.core.main.TestSuiteExecutor.accessTestSuiteMainPhase(TestSuiteExecutor.java:148)
	at com.kms.katalon.core.main.TestSuiteExecutor.execute(TestSuiteExecutor.java:106)
	at com.kms.katalon.core.main.TestCaseMain.startTestSuite(TestCaseMain.java:187)
	at com.kms.katalon.core.main.TestCaseMain$startTestSuite$0.call(Unknown Source)
	at TempTestSuite1686030675937.run(TempTestSuite1686030675937.groovy:36)
Caused by: com.kms.katalon.core.exception.StepFailedException: Actual text 'Sign in' and expected text 'Enter the verification code we have sent to your mobile phone' of test object 'Object Repository/Secure Portal DD/Page_Portal/Page_Portal/h2_Enter the verification code we have sent_0a5385' are NOT matched.
	at com.kms.katalon.core.webui.keyword.internal.WebUIKeywordMain.stepFailed(WebUIKeywordMain.groovy:64)
	at com.kms.katalon.core.webui.keyword.builtin.VerifyElementTextKeyword$_verifyElementText_closure1.doCall(VerifyElementTextKeyword.groovy:57)
	at com.kms.katalon.core.webui.keyword.builtin.VerifyElementTextKeyword$_verifyElementText_closure1.call(VerifyElementTextKeyword.groovy)
	at com.kms.katalon.core.webui.keyword.internal.WebUIKeywordMain.runKeyword(WebUIKeywordMain.groovy:20)
	... 22 more]]></system-err>
      </testcase>
      <testcase name="Test Cases/Secure Portal DD" time="9.513" classname="Test Cases/Secure Portal DD" status="PASSED">
         <system-out><![CDATA[2023-06-06 11:22:26 - [TEST_CASE][PASSED] - Test Cases/Secure Portal DD: Test Cases/Secure Portal DD

2023-06-06 11:22:26 - [TEST_STEP][PASSED] - openBrowser(""): Browser is opened with url: ''

2023-06-06 11:22:26 - [MESSAGE][WARNING] - A browser is already opened. Closing browser and opening a new one

2023-06-06 11:22:27 - [MESSAGE][INFO] - Starting 'Chrome' driver

2023-06-06 11:22:27 - [MESSAGE][INFO] - Action delay is set to 0 milliseconds

2023-06-06 11:22:28 - [MESSAGE][WARNING] - FFmpeg was not installed! Browser Recording will be disabled. Please follow this document to install FFmpeg first: https://docs.katalon.com/katalon-studio/docs/screenshots-videos.html#browser-based-recorder

2023-06-06 11:22:28 - [MESSAGE][PASSED] - Browser is opened with url: ''

2023-06-06 11:22:28 - [TEST_STEP][PASSED] - navigateToUrl(SecurePortal): Navigate to 'http://secure-sit.charles-stanley.co.uk/' successfully

2023-06-06 11:22:32 - [MESSAGE][PASSED] - Navigate to 'http://secure-sit.charles-stanley.co.uk/' successfully

2023-06-06 11:22:32 - [TEST_STEP][PASSED] - setText(findTestObject("Object Repository/Secure Portal DD/Page_Portal/input_Username_username"), Username): Text 'bob' is set on object 'Object Repository/Secure Portal DD/Page_Portal/input_Username_username'

2023-06-06 11:22:32 - [MESSAGE][PASSED] - Text 'bob' is set on object 'Object Repository/Secure Portal DD/Page_Portal/input_Username_username'

2023-06-06 11:22:32 - [TEST_STEP][PASSED] - setText(findTestObject("Object Repository/Secure Portal DD/Page_Portal/input_Password_password"), Password): Text 'Pass123$' is set on object 'Object Repository/Secure Portal DD/Page_Portal/input_Password_password'

2023-06-06 11:22:33 - [MESSAGE][PASSED] - Text 'Pass123$' is set on object 'Object Repository/Secure Portal DD/Page_Portal/input_Password_password'

2023-06-06 11:22:33 - [TEST_STEP][PASSED] - click(findTestObject("Object Repository/Secure Portal DD/Page_Portal/button_Continue")): Object: 'Object Repository/Secure Portal DD/Page_Portal/button_Continue' is clicked on

2023-06-06 11:22:33 - [MESSAGE][PASSED] - Object: 'Object Repository/Secure Portal DD/Page_Portal/button_Continue' is clicked on

2023-06-06 11:22:33 - [TEST_STEP][PASSED] - verifyElementVisible(findTestObject("Secure Portal DD/Page_Portal/h2_Enter the verification code we have sent_0a5385")): Object 'Object Repository/Secure Portal DD/Page_Portal/h2_Enter the verification code we have sent_0a5385' is visible

2023-06-06 11:22:35 - [MESSAGE][PASSED] - Object 'Object Repository/Secure Portal DD/Page_Portal/h2_Enter the verification code we have sent_0a5385' is visible

2023-06-06 11:22:35 - [TEST_STEP][PASSED] - verifyElementText(findTestObject("Object Repository/Secure Portal DD/Page_Portal/Page_Portal/h2_Enter the verification code we have sent_0a5385"), "Enter the verification code we have sent to your mobile phone"): Actual text and expected text of test object 'Object Repository/Secure Portal DD/Page_Portal/Page_Portal/h2_Enter the verification code we have sent_0a5385' are matched.

2023-06-06 11:22:35 - [MESSAGE][PASSED] - Actual text and expected text of test object 'Object Repository/Secure Portal DD/Page_Portal/Page_Portal/h2_Enter the verification code we have sent_0a5385' are matched.]]></system-out>
         <system-err><![CDATA[]]></system-err>
      </testcase>
      <testcase name="Test Cases/Secure Portal DD" time="9.552" classname="Test Cases/Secure Portal DD" status="PASSED">
         <system-out><![CDATA[2023-06-06 11:22:36 - [TEST_CASE][PASSED] - Test Cases/Secure Portal DD: Test Cases/Secure Portal DD

2023-06-06 11:22:36 - [TEST_STEP][PASSED] - openBrowser(""): Browser is opened with url: ''

2023-06-06 11:22:36 - [MESSAGE][WARNING] - A browser is already opened. Closing browser and opening a new one

2023-06-06 11:22:36 - [MESSAGE][INFO] - Starting 'Chrome' driver

2023-06-06 11:22:36 - [MESSAGE][INFO] - Action delay is set to 0 milliseconds

2023-06-06 11:22:37 - [MESSAGE][WARNING] - FFmpeg was not installed! Browser Recording will be disabled. Please follow this document to install FFmpeg first: https://docs.katalon.com/katalon-studio/docs/screenshots-videos.html#browser-based-recorder

2023-06-06 11:22:37 - [MESSAGE][PASSED] - Browser is opened with url: ''

2023-06-06 11:22:37 - [TEST_STEP][PASSED] - navigateToUrl(SecurePortal): Navigate to 'http://secure-sit.charles-stanley.co.uk/' successfully

2023-06-06 11:22:41 - [MESSAGE][PASSED] - Navigate to 'http://secure-sit.charles-stanley.co.uk/' successfully

2023-06-06 11:22:41 - [TEST_STEP][PASSED] - setText(findTestObject("Object Repository/Secure Portal DD/Page_Portal/input_Username_username"), Username): Text 'execution' is set on object 'Object Repository/Secure Portal DD/Page_Portal/input_Username_username'

2023-06-06 11:22:42 - [MESSAGE][PASSED] - Text 'execution' is set on object 'Object Repository/Secure Portal DD/Page_Portal/input_Username_username'

2023-06-06 11:22:42 - [TEST_STEP][PASSED] - setText(findTestObject("Object Repository/Secure Portal DD/Page_Portal/input_Password_password"), Password): Text 'Cupholder1' is set on object 'Object Repository/Secure Portal DD/Page_Portal/input_Password_password'

2023-06-06 11:22:42 - [MESSAGE][PASSED] - Text 'Cupholder1' is set on object 'Object Repository/Secure Portal DD/Page_Portal/input_Password_password'

2023-06-06 11:22:42 - [TEST_STEP][PASSED] - click(findTestObject("Object Repository/Secure Portal DD/Page_Portal/button_Continue")): Object: 'Object Repository/Secure Portal DD/Page_Portal/button_Continue' is clicked on

2023-06-06 11:22:43 - [MESSAGE][PASSED] - Object: 'Object Repository/Secure Portal DD/Page_Portal/button_Continue' is clicked on

2023-06-06 11:22:43 - [TEST_STEP][PASSED] - verifyElementVisible(findTestObject("Secure Portal DD/Page_Portal/h2_Enter the verification code we have sent_0a5385")): Object 'Object Repository/Secure Portal DD/Page_Portal/h2_Enter the verification code we have sent_0a5385' is visible

2023-06-06 11:22:45 - [MESSAGE][PASSED] - Object 'Object Repository/Secure Portal DD/Page_Portal/h2_Enter the verification code we have sent_0a5385' is visible

2023-06-06 11:22:45 - [TEST_STEP][PASSED] - verifyElementText(findTestObject("Object Repository/Secure Portal DD/Page_Portal/Page_Portal/h2_Enter the verification code we have sent_0a5385"), "Enter the verification code we have sent to your mobile phone"): Actual text and expected text of test object 'Object Repository/Secure Portal DD/Page_Portal/Page_Portal/h2_Enter the verification code we have sent_0a5385' are matched.

2023-06-06 11:22:45 - [MESSAGE][PASSED] - Actual text and expected text of test object 'Object Repository/Secure Portal DD/Page_Portal/Page_Portal/h2_Enter the verification code we have sent_0a5385' are matched.]]></system-out>
         <system-err><![CDATA[]]></system-err>
      </testcase>
      <testcase name="Test Cases/Secure Portal DD" time="9.097" classname="Test Cases/Secure Portal DD" status="FAILED">
         <failure type="FAILED" message="Test Cases/Secure Portal DD FAILED.
Reason:
com.kms.katalon.core.exception.StepFailedException: Verify element text of test object 'Object Repository/Secure Portal DD/Page_Portal/Page_Portal/h2_Enter the verification code we have sent_0a5385' FAILED.
	at com.kms.katalon.core.webui.keyword.internal.WebUIKeywordMain.stepFailed(WebUIKeywordMain.groovy:64)
	at com.kms.katalon.core.webui.keyword.internal.WebUIKeywordMain.runKeyword(WebUIKeywordMain.groovy:26)
	at com.kms.katalon.core.webui.keyword.builtin.VerifyElementTextKeyword.verifyElementText(VerifyElementTextKeyword.groovy:72)
	at com.kms.katalon.core.webui.keyword.builtin.VerifyElementTextKeyword.execute(VerifyElementTextKeyword.groovy:40)
	at com.kms.katalon.core.keyword.internal.KeywordExecutor.executeKeywordForPlatform(KeywordExecutor.groovy:74)
	at com.kms.katalon.core.webui.keyword.WebUiBuiltInKeywords.verifyElementText(WebUiBuiltInKeywords.groovy:4749)
	at com.kms.katalon.core.webui.keyword.WebUiBuiltInKeywords$verifyElementText$4.call(Unknown Source)
	at Secure Portal DD.run(Secure Portal DD:32)
	at com.kms.katalon.core.main.ScriptEngine.run(ScriptEngine.java:194)
	at com.kms.katalon.core.main.ScriptEngine.runScriptAsRawText(ScriptEngine.java:119)
	at com.kms.katalon.core.main.TestCaseExecutor.runScript(TestCaseExecutor.java:448)
	at com.kms.katalon.core.main.TestCaseExecutor.doExecute(TestCaseExecutor.java:439)
	at com.kms.katalon.core.main.TestCaseExecutor.processExecutionPhase(TestCaseExecutor.java:418)
	at com.kms.katalon.core.main.TestCaseExecutor.accessMainPhase(TestCaseExecutor.java:410)
	at com.kms.katalon.core.main.TestCaseExecutor.execute(TestCaseExecutor.java:285)
	at com.kms.katalon.core.main.TestCaseExecutor.execute(TestCaseExecutor.java:369)
	at com.kms.katalon.core.main.TestCaseExecutor.execute(TestCaseExecutor.java:369)
	at com.kms.katalon.core.main.TestCaseExecutor.execute(TestCaseExecutor.java:369)
	at com.kms.katalon.core.common.CommonExecutor.accessTestCaseMainPhase(CommonExecutor.java:65)
	at com.kms.katalon.core.main.TestSuiteExecutor.accessTestSuiteMainPhase(TestSuiteExecutor.java:148)
	at com.kms.katalon.core.main.TestSuiteExecutor.execute(TestSuiteExecutor.java:106)
	at com.kms.katalon.core.main.TestCaseMain.startTestSuite(TestCaseMain.java:187)
	at com.kms.katalon.core.main.TestCaseMain$startTestSuite$0.call(Unknown Source)
	at TempTestSuite1686030675937.run(TempTestSuite1686030675937.groovy:36)
Caused by: com.kms.katalon.core.exception.StepFailedException: Actual text 'Sign in' and expected text 'Enter the verification code we have sent to your mobile phone' of test object 'Object Repository/Secure Portal DD/Page_Portal/Page_Portal/h2_Enter the verification code we have sent_0a5385' are NOT matched.
	at com.kms.katalon.core.webui.keyword.internal.WebUIKeywordMain.stepFailed(WebUIKeywordMain.groovy:64)
	at com.kms.katalon.core.webui.keyword.builtin.VerifyElementTextKeyword$_verifyElementText_closure1.doCall(VerifyElementTextKeyword.groovy:57)
	at com.kms.katalon.core.webui.keyword.builtin.VerifyElementTextKeyword$_verifyElementText_closure1.call(VerifyElementTextKeyword.groovy)
	at com.kms.katalon.core.webui.keyword.internal.WebUIKeywordMain.runKeyword(WebUIKeywordMain.groovy:20)
	... 22 more
"/>
         <system-out><![CDATA[2023-06-06 11:23:13 - [TEST_CASE][FAILED] - Test Cases/Secure Portal DD: Test Cases/Secure Portal DD FAILED.
Reason:
com.kms.katalon.core.exception.StepFailedException: Verify element text of test object 'Object Repository/Secure Portal DD/Page_Portal/Page_Portal/h2_Enter the verification code we have sent_0a5385' FAILED.
	at com.kms.katalon.core.webui.keyword.internal.WebUIKeywordMain.stepFailed(WebUIKeywordMain.groovy:64)
	at com.kms.katalon.core.webui.keyword.internal.WebUIKeywordMain.runKeyword(WebUIKeywordMain.groovy:26)
	at com.kms.katalon.core.webui.keyword.builtin.VerifyElementTextKeyword.verifyElementText(VerifyElementTextKeyword.groovy:72)
	at com.kms.katalon.core.webui.keyword.builtin.VerifyElementTextKeyword.execute(VerifyElementTextKeyword.groovy:40)
	at com.kms.katalon.core.keyword.internal.KeywordExecutor.executeKeywordForPlatform(KeywordExecutor.groovy:74)
	at com.kms.katalon.core.webui.keyword.WebUiBuiltInKeywords.verifyElementText(WebUiBuiltInKeywords.groovy:4749)
	at com.kms.katalon.core.webui.keyword.WebUiBuiltInKeywords$verifyElementText$4.call(Unknown Source)
	at Secure Portal DD.run(Secure Portal DD:32)
	at com.kms.katalon.core.main.ScriptEngine.run(ScriptEngine.java:194)
	at com.kms.katalon.core.main.ScriptEngine.runScriptAsRawText(ScriptEngine.java:119)
	at com.kms.katalon.core.main.TestCaseExecutor.runScript(TestCaseExecutor.java:448)
	at com.kms.katalon.core.main.TestCaseExecutor.doExecute(TestCaseExecutor.java:439)
	at com.kms.katalon.core.main.TestCaseExecutor.processExecutionPhase(TestCaseExecutor.java:418)
	at com.kms.katalon.core.main.TestCaseExecutor.accessMainPhase(TestCaseExecutor.java:410)
	at com.kms.katalon.core.main.TestCaseExecutor.execute(TestCaseExecutor.java:285)
	at com.kms.katalon.core.main.TestCaseExecutor.execute(TestCaseExecutor.java:369)
	at com.kms.katalon.core.main.TestCaseExecutor.execute(TestCaseExecutor.java:369)
	at com.kms.katalon.core.main.TestCaseExecutor.execute(TestCaseExecutor.java:369)
	at com.kms.katalon.core.common.CommonExecutor.accessTestCaseMainPhase(CommonExecutor.java:65)
	at com.kms.katalon.core.main.TestSuiteExecutor.accessTestSuiteMainPhase(TestSuiteExecutor.java:148)
	at com.kms.katalon.core.main.TestSuiteExecutor.execute(TestSuiteExecutor.java:106)
	at com.kms.katalon.core.main.TestCaseMain.startTestSuite(TestCaseMain.java:187)
	at com.kms.katalon.core.main.TestCaseMain$startTestSuite$0.call(Unknown Source)
	at TempTestSuite1686030675937.run(TempTestSuite1686030675937.groovy:36)
Caused by: com.kms.katalon.core.exception.StepFailedException: Actual text 'Sign in' and expected text 'Enter the verification code we have sent to your mobile phone' of test object 'Object Repository/Secure Portal DD/Page_Portal/Page_Portal/h2_Enter the verification code we have sent_0a5385' are NOT matched.
	at com.kms.katalon.core.webui.keyword.internal.WebUIKeywordMain.stepFailed(WebUIKeywordMain.groovy:64)
	at com.kms.katalon.core.webui.keyword.builtin.VerifyElementTextKeyword$_verifyElementText_closure1.doCall(VerifyElementTextKeyword.groovy:57)
	at com.kms.katalon.core.webui.keyword.builtin.VerifyElementTextKeyword$_verifyElementText_closure1.call(VerifyElementTextKeyword.groovy)
	at com.kms.katalon.core.webui.keyword.internal.WebUIKeywordMain.runKeyword(WebUIKeywordMain.groovy:20)
	... 22 more


2023-06-06 11:23:13 - [TEST_STEP][PASSED] - openBrowser(""): Browser is opened with url: ''

2023-06-06 11:23:13 - [MESSAGE][WARNING] - A browser is already opened. Closing browser and opening a new one

2023-06-06 11:23:13 - [MESSAGE][INFO] - Starting 'Chrome' driver

2023-06-06 11:23:13 - [MESSAGE][INFO] - Action delay is set to 0 milliseconds

2023-06-06 11:23:14 - [MESSAGE][WARNING] - FFmpeg was not installed! Browser Recording will be disabled. Please follow this document to install FFmpeg first: https://docs.katalon.com/katalon-studio/docs/screenshots-videos.html#browser-based-recorder

2023-06-06 11:23:14 - [MESSAGE][PASSED] - Browser is opened with url: ''

2023-06-06 11:23:14 - [TEST_STEP][PASSED] - navigateToUrl(SecurePortal): Navigate to 'http://secure-sit.charles-stanley.co.uk/' successfully

2023-06-06 11:23:17 - [MESSAGE][PASSED] - Navigate to 'http://secure-sit.charles-stanley.co.uk/' successfully

2023-06-06 11:23:17 - [TEST_STEP][PASSED] - setText(findTestObject("Object Repository/Secure Portal DD/Page_Portal/input_Username_username"), Username): Text 'Username' is set on object 'Object Repository/Secure Portal DD/Page_Portal/input_Username_username'

2023-06-06 11:23:17 - [MESSAGE][PASSED] - Text 'Username' is set on object 'Object Repository/Secure Portal DD/Page_Portal/input_Username_username'

2023-06-06 11:23:17 - [TEST_STEP][PASSED] - setText(findTestObject("Object Repository/Secure Portal DD/Page_Portal/input_Password_password"), Password): Text 'Password' is set on object 'Object Repository/Secure Portal DD/Page_Portal/input_Password_password'

2023-06-06 11:23:18 - [MESSAGE][PASSED] - Text 'Password' is set on object 'Object Repository/Secure Portal DD/Page_Portal/input_Password_password'

2023-06-06 11:23:18 - [TEST_STEP][PASSED] - click(findTestObject("Object Repository/Secure Portal DD/Page_Portal/button_Continue")): Object: 'Object Repository/Secure Portal DD/Page_Portal/button_Continue' is clicked on

2023-06-06 11:23:19 - [MESSAGE][PASSED] - Object: 'Object Repository/Secure Portal DD/Page_Portal/button_Continue' is clicked on

2023-06-06 11:23:19 - [TEST_STEP][PASSED] - verifyElementVisible(findTestObject("Secure Portal DD/Page_Portal/h2_Enter the verification code we have sent_0a5385")): Object 'Object Repository/Secure Portal DD/Page_Portal/h2_Enter the verification code we have sent_0a5385' is visible

2023-06-06 11:23:20 - [MESSAGE][INFO] - Unable to find the element located by 'By.xpath: //h2[(text() = 'Enter the verification code we have sent to your mobile phone' or . = 'Enter the verification code we have sent to your mobile phone')]'. Please recheck the objects properties to make sure the desired element is located. 

2023-06-06 11:23:20 - [MESSAGE][WARNING] - [SELF-HEALING] Failed to find element with id 'Object Repository/Secure Portal DD/Page_Portal/h2_Enter the verification code we have sent_0a5385'. Try using Self-healing.

2023-06-06 11:23:20 - [MESSAGE][WARNING] - [SELF-HEALING] The current locator of test object 'Object Repository/Secure Portal DD/Page_Portal/h2_Enter the verification code we have sent_0a5385' was broken. Propose an alternative one: 'h2.font-mrs-eaves.font-h2.mb-m'.

2023-06-06 11:23:20 - [MESSAGE][PASSED] - Object 'Object Repository/Secure Portal DD/Page_Portal/h2_Enter the verification code we have sent_0a5385' is visible

2023-06-06 11:23:20 - [TEST_STEP][FAILED] - verifyElementText(findTestObject("Object Repository/Secure Portal DD/Page_Portal/Page_Portal/h2_Enter the verification code we have sent_0a5385"), "Enter the verification code we have sent to your mobile phone"): Verify element text of test object 'Object Repository/Secure Portal DD/Page_Portal/Page_Portal/h2_Enter the verification code we have sent_0a5385' FAILED. (Root cause: com.kms.katalon.core.exception.StepFailedException: Verify element text of test object 'Object Repository/Secure Portal DD/Page_Portal/Page_Portal/h2_Enter the verification code we have sent_0a5385' FAILED.
	at com.kms.katalon.core.webui.keyword.internal.WebUIKeywordMain.stepFailed(WebUIKeywordMain.groovy:64)
	at com.kms.katalon.core.webui.keyword.internal.WebUIKeywordMain.runKeyword(WebUIKeywordMain.groovy:26)
	at com.kms.katalon.core.webui.keyword.builtin.VerifyElementTextKeyword.verifyElementText(VerifyElementTextKeyword.groovy:72)
	at com.kms.katalon.core.webui.keyword.builtin.VerifyElementTextKeyword.execute(VerifyElementTextKeyword.groovy:40)
	at com.kms.katalon.core.keyword.internal.KeywordExecutor.executeKeywordForPlatform(KeywordExecutor.groovy:74)
	at com.kms.katalon.core.webui.keyword.WebUiBuiltInKeywords.verifyElementText(WebUiBuiltInKeywords.groovy:4749)
	at com.kms.katalon.core.webui.keyword.WebUiBuiltInKeywords$verifyElementText$4.call(Unknown Source)
	at Secure Portal DD.run(Secure Portal DD:32)
	at com.kms.katalon.core.main.ScriptEngine.run(ScriptEngine.java:194)
	at com.kms.katalon.core.main.ScriptEngine.runScriptAsRawText(ScriptEngine.java:119)
	at com.kms.katalon.core.main.TestCaseExecutor.runScript(TestCaseExecutor.java:448)
	at com.kms.katalon.core.main.TestCaseExecutor.doExecute(TestCaseExecutor.java:439)
	at com.kms.katalon.core.main.TestCaseExecutor.processExecutionPhase(TestCaseExecutor.java:418)
	at com.kms.katalon.core.main.TestCaseExecutor.accessMainPhase(TestCaseExecutor.java:410)
	at com.kms.katalon.core.main.TestCaseExecutor.execute(TestCaseExecutor.java:285)
	at com.kms.katalon.core.main.TestCaseExecutor.execute(TestCaseExecutor.java:369)
	at com.kms.katalon.core.main.TestCaseExecutor.execute(TestCaseExecutor.java:369)
	at com.kms.katalon.core.main.TestCaseExecutor.execute(TestCaseExecutor.java:369)
	at com.kms.katalon.core.common.CommonExecutor.accessTestCaseMainPhase(CommonExecutor.java:65)
	at com.kms.katalon.core.main.TestSuiteExecutor.accessTestSuiteMainPhase(TestSuiteExecutor.java:148)
	at com.kms.katalon.core.main.TestSuiteExecutor.execute(TestSuiteExecutor.java:106)
	at com.kms.katalon.core.main.TestCaseMain.startTestSuite(TestCaseMain.java:187)
	at com.kms.katalon.core.main.TestCaseMain$startTestSuite$0.call(Unknown Source)
	at TempTestSuite1686030675937.run(TempTestSuite1686030675937.groovy:36)
Caused by: com.kms.katalon.core.exception.StepFailedException: Actual text 'Sign in' and expected text 'Enter the verification code we have sent to your mobile phone' of test object 'Object Repository/Secure Portal DD/Page_Portal/Page_Portal/h2_Enter the verification code we have sent_0a5385' are NOT matched.
	at com.kms.katalon.core.webui.keyword.internal.WebUIKeywordMain.stepFailed(WebUIKeywordMain.groovy:64)
	at com.kms.katalon.core.webui.keyword.builtin.VerifyElementTextKeyword$_verifyElementText_closure1.doCall(VerifyElementTextKeyword.groovy:57)
	at com.kms.katalon.core.webui.keyword.builtin.VerifyElementTextKeyword$_verifyElementText_closure1.call(VerifyElementTextKeyword.groovy)
	at com.kms.katalon.core.webui.keyword.internal.WebUIKeywordMain.runKeyword(WebUIKeywordMain.groovy:20)
	... 22 more
)

2023-06-06 11:23:21 - [MESSAGE][INFO] - Unable to find the element located by 'By.xpath: //h2[(text() = 'Enter the verification code we have sent to your mobile phone' or . = 'Enter the verification code we have sent to your mobile phone')]'. Please recheck the objects properties to make sure the desired element is located. 

2023-06-06 11:23:21 - [MESSAGE][WARNING] - [SELF-HEALING] Failed to find element with id 'Object Repository/Secure Portal DD/Page_Portal/Page_Portal/h2_Enter the verification code we have sent_0a5385'. Try using Self-healing.

2023-06-06 11:23:22 - [MESSAGE][WARNING] - [SELF-HEALING] The current locator of test object 'Object Repository/Secure Portal DD/Page_Portal/Page_Portal/h2_Enter the verification code we have sent_0a5385' was broken. Propose an alternative one: 'h2.font-mrs-eaves.font-h2.mb-m'.

2023-06-06 11:23:22 - [MESSAGE][FAILED] - Actual text 'Sign in' and expected text 'Enter the verification code we have sent to your mobile phone' of test object 'Object Repository/Secure Portal DD/Page_Portal/Page_Portal/h2_Enter the verification code we have sent_0a5385' are NOT matched. (Root cause: com.kms.katalon.core.exception.StepFailedException: Actual text 'Sign in' and expected text 'Enter the verification code we have sent to your mobile phone' of test object 'Object Repository/Secure Portal DD/Page_Portal/Page_Portal/h2_Enter the verification code we have sent_0a5385' are NOT matched.
	at com.kms.katalon.core.webui.keyword.internal.WebUIKeywordMain.stepFailed(WebUIKeywordMain.groovy:64)
	at com.kms.katalon.core.webui.keyword.builtin.VerifyElementTextKeyword$_verifyElementText_closure1.doCall(VerifyElementTextKeyword.groovy:57)
	at com.kms.katalon.core.webui.keyword.builtin.VerifyElementTextKeyword$_verifyElementText_closure1.call(VerifyElementTextKeyword.groovy)
	at com.kms.katalon.core.webui.keyword.internal.WebUIKeywordMain.runKeyword(WebUIKeywordMain.groovy:20)
	at com.kms.katalon.core.webui.keyword.builtin.VerifyElementTextKeyword.verifyElementText(VerifyElementTextKeyword.groovy:72)
	at com.kms.katalon.core.webui.keyword.builtin.VerifyElementTextKeyword.execute(VerifyElementTextKeyword.groovy:40)
	at com.kms.katalon.core.keyword.internal.KeywordExecutor.executeKeywordForPlatform(KeywordExecutor.groovy:74)
	at com.kms.katalon.core.webui.keyword.WebUiBuiltInKeywords.verifyElementText(WebUiBuiltInKeywords.groovy:4749)
	at com.kms.katalon.core.webui.keyword.WebUiBuiltInKeywords$verifyElementText$4.call(Unknown Source)
	at Secure Portal DD.run(Secure Portal DD:32)
	at com.kms.katalon.core.main.ScriptEngine.run(ScriptEngine.java:194)
	at com.kms.katalon.core.main.ScriptEngine.runScriptAsRawText(ScriptEngine.java:119)
	at com.kms.katalon.core.main.TestCaseExecutor.runScript(TestCaseExecutor.java:448)
	at com.kms.katalon.core.main.TestCaseExecutor.doExecute(TestCaseExecutor.java:439)
	at com.kms.katalon.core.main.TestCaseExecutor.processExecutionPhase(TestCaseExecutor.java:418)
	at com.kms.katalon.core.main.TestCaseExecutor.accessMainPhase(TestCaseExecutor.java:410)
	at com.kms.katalon.core.main.TestCaseExecutor.execute(TestCaseExecutor.java:285)
	at com.kms.katalon.core.main.TestCaseExecutor.execute(TestCaseExecutor.java:369)
	at com.kms.katalon.core.main.TestCaseExecutor.execute(TestCaseExecutor.java:369)
	at com.kms.katalon.core.main.TestCaseExecutor.execute(TestCaseExecutor.java:369)
	at com.kms.katalon.core.common.CommonExecutor.accessTestCaseMainPhase(CommonExecutor.java:65)
	at com.kms.katalon.core.main.TestSuiteExecutor.accessTestSuiteMainPhase(TestSuiteExecutor.java:148)
	at com.kms.katalon.core.main.TestSuiteExecutor.execute(TestSuiteExecutor.java:106)
	at com.kms.katalon.core.main.TestCaseMain.startTestSuite(TestCaseMain.java:187)
	at com.kms.katalon.core.main.TestCaseMain$startTestSuite$0.call(Unknown Source)
	at TempTestSuite1686030675937.run(TempTestSuite1686030675937.groovy:36)
)
[[ATTACHMENT|C:\\Users\\akile\\git\\KatalonMobileWeb\\Reports\\20230606_112114\\DataDriven\\20230606_112115\\1686030802147.png]]

2023-06-06 11:23:22 - [MESSAGE][FAILED] - Verify element text of test object 'Object Repository/Secure Portal DD/Page_Portal/Page_Portal/h2_Enter the verification code we have sent_0a5385' FAILED. (Root cause: com.kms.katalon.core.exception.StepFailedException: Verify element text of test object 'Object Repository/Secure Portal DD/Page_Portal/Page_Portal/h2_Enter the verification code we have sent_0a5385' FAILED.
	at com.kms.katalon.core.webui.keyword.internal.WebUIKeywordMain.stepFailed(WebUIKeywordMain.groovy:64)
	at com.kms.katalon.core.webui.keyword.internal.WebUIKeywordMain.runKeyword(WebUIKeywordMain.groovy:26)
	at com.kms.katalon.core.webui.keyword.builtin.VerifyElementTextKeyword.verifyElementText(VerifyElementTextKeyword.groovy:72)
	at com.kms.katalon.core.webui.keyword.builtin.VerifyElementTextKeyword.execute(VerifyElementTextKeyword.groovy:40)
	at com.kms.katalon.core.keyword.internal.KeywordExecutor.executeKeywordForPlatform(KeywordExecutor.groovy:74)
	at com.kms.katalon.core.webui.keyword.WebUiBuiltInKeywords.verifyElementText(WebUiBuiltInKeywords.groovy:4749)
	at com.kms.katalon.core.webui.keyword.WebUiBuiltInKeywords$verifyElementText$4.call(Unknown Source)
	at Secure Portal DD.run(Secure Portal DD:32)
	at com.kms.katalon.core.main.ScriptEngine.run(ScriptEngine.java:194)
	at com.kms.katalon.core.main.ScriptEngine.runScriptAsRawText(ScriptEngine.java:119)
	at com.kms.katalon.core.main.TestCaseExecutor.runScript(TestCaseExecutor.java:448)
	at com.kms.katalon.core.main.TestCaseExecutor.doExecute(TestCaseExecutor.java:439)
	at com.kms.katalon.core.main.TestCaseExecutor.processExecutionPhase(TestCaseExecutor.java:418)
	at com.kms.katalon.core.main.TestCaseExecutor.accessMainPhase(TestCaseExecutor.java:410)
	at com.kms.katalon.core.main.TestCaseExecutor.execute(TestCaseExecutor.java:285)
	at com.kms.katalon.core.main.TestCaseExecutor.execute(TestCaseExecutor.java:369)
	at com.kms.katalon.core.main.TestCaseExecutor.execute(TestCaseExecutor.java:369)
	at com.kms.katalon.core.main.TestCaseExecutor.execute(TestCaseExecutor.java:369)
	at com.kms.katalon.core.common.CommonExecutor.accessTestCaseMainPhase(CommonExecutor.java:65)
	at com.kms.katalon.core.main.TestSuiteExecutor.accessTestSuiteMainPhase(TestSuiteExecutor.java:148)
	at com.kms.katalon.core.main.TestSuiteExecutor.execute(TestSuiteExecutor.java:106)
	at com.kms.katalon.core.main.TestCaseMain.startTestSuite(TestCaseMain.java:187)
	at com.kms.katalon.core.main.TestCaseMain$startTestSuite$0.call(Unknown Source)
	at TempTestSuite1686030675937.run(TempTestSuite1686030675937.groovy:36)
Caused by: com.kms.katalon.core.exception.StepFailedException: Actual text 'Sign in' and expected text 'Enter the verification code we have sent to your mobile phone' of test object 'Object Repository/Secure Portal DD/Page_Portal/Page_Portal/h2_Enter the verification code we have sent_0a5385' are NOT matched.
	at com.kms.katalon.core.webui.keyword.internal.WebUIKeywordMain.stepFailed(WebUIKeywordMain.groovy:64)
	at com.kms.katalon.core.webui.keyword.builtin.VerifyElementTextKeyword$_verifyElementText_closure1.doCall(VerifyElementTextKeyword.groovy:57)
	at com.kms.katalon.core.webui.keyword.builtin.VerifyElementTextKeyword$_verifyElementText_closure1.call(VerifyElementTextKeyword.groovy)
	at com.kms.katalon.core.webui.keyword.internal.WebUIKeywordMain.runKeyword(WebUIKeywordMain.groovy:20)
	... 22 more
)
[[ATTACHMENT|C:\\Users\\akile\\git\\KatalonMobileWeb\\Reports\\20230606_112114\\DataDriven\\20230606_112115\\1686030802229.png]]]]></system-out>
         <system-err><![CDATA[2023-06-06 11:23:13 - [TEST_CASE][FAILED] - Test Cases/Secure Portal DD: Test Cases/Secure Portal DD FAILED.
Reason:
com.kms.katalon.core.exception.StepFailedException: Verify element text of test object 'Object Repository/Secure Portal DD/Page_Portal/Page_Portal/h2_Enter the verification code we have sent_0a5385' FAILED.
	at com.kms.katalon.core.webui.keyword.internal.WebUIKeywordMain.stepFailed(WebUIKeywordMain.groovy:64)
	at com.kms.katalon.core.webui.keyword.internal.WebUIKeywordMain.runKeyword(WebUIKeywordMain.groovy:26)
	at com.kms.katalon.core.webui.keyword.builtin.VerifyElementTextKeyword.verifyElementText(VerifyElementTextKeyword.groovy:72)
	at com.kms.katalon.core.webui.keyword.builtin.VerifyElementTextKeyword.execute(VerifyElementTextKeyword.groovy:40)
	at com.kms.katalon.core.keyword.internal.KeywordExecutor.executeKeywordForPlatform(KeywordExecutor.groovy:74)
	at com.kms.katalon.core.webui.keyword.WebUiBuiltInKeywords.verifyElementText(WebUiBuiltInKeywords.groovy:4749)
	at com.kms.katalon.core.webui.keyword.WebUiBuiltInKeywords$verifyElementText$4.call(Unknown Source)
	at Secure Portal DD.run(Secure Portal DD:32)
	at com.kms.katalon.core.main.ScriptEngine.run(ScriptEngine.java:194)
	at com.kms.katalon.core.main.ScriptEngine.runScriptAsRawText(ScriptEngine.java:119)
	at com.kms.katalon.core.main.TestCaseExecutor.runScript(TestCaseExecutor.java:448)
	at com.kms.katalon.core.main.TestCaseExecutor.doExecute(TestCaseExecutor.java:439)
	at com.kms.katalon.core.main.TestCaseExecutor.processExecutionPhase(TestCaseExecutor.java:418)
	at com.kms.katalon.core.main.TestCaseExecutor.accessMainPhase(TestCaseExecutor.java:410)
	at com.kms.katalon.core.main.TestCaseExecutor.execute(TestCaseExecutor.java:285)
	at com.kms.katalon.core.main.TestCaseExecutor.execute(TestCaseExecutor.java:369)
	at com.kms.katalon.core.main.TestCaseExecutor.execute(TestCaseExecutor.java:369)
	at com.kms.katalon.core.main.TestCaseExecutor.execute(TestCaseExecutor.java:369)
	at com.kms.katalon.core.common.CommonExecutor.accessTestCaseMainPhase(CommonExecutor.java:65)
	at com.kms.katalon.core.main.TestSuiteExecutor.accessTestSuiteMainPhase(TestSuiteExecutor.java:148)
	at com.kms.katalon.core.main.TestSuiteExecutor.execute(TestSuiteExecutor.java:106)
	at com.kms.katalon.core.main.TestCaseMain.startTestSuite(TestCaseMain.java:187)
	at com.kms.katalon.core.main.TestCaseMain$startTestSuite$0.call(Unknown Source)
	at TempTestSuite1686030675937.run(TempTestSuite1686030675937.groovy:36)
Caused by: com.kms.katalon.core.exception.StepFailedException: Actual text 'Sign in' and expected text 'Enter the verification code we have sent to your mobile phone' of test object 'Object Repository/Secure Portal DD/Page_Portal/Page_Portal/h2_Enter the verification code we have sent_0a5385' are NOT matched.
	at com.kms.katalon.core.webui.keyword.internal.WebUIKeywordMain.stepFailed(WebUIKeywordMain.groovy:64)
	at com.kms.katalon.core.webui.keyword.builtin.VerifyElementTextKeyword$_verifyElementText_closure1.doCall(VerifyElementTextKeyword.groovy:57)
	at com.kms.katalon.core.webui.keyword.builtin.VerifyElementTextKeyword$_verifyElementText_closure1.call(VerifyElementTextKeyword.groovy)
	at com.kms.katalon.core.webui.keyword.internal.WebUIKeywordMain.runKeyword(WebUIKeywordMain.groovy:20)
	... 22 more]]></system-err>
      </testcase>
      <system-out><![CDATA[2023-06-06 11:21:25 - [TEST_SUITE][FAILED] - DataDriven: Test Cases/Secure Portal DD FAILED.
Reason:
com.kms.katalon.core.exception.StepFailedException: Verify element text of test object 'Object Repository/Secure Portal DD/Page_Portal/Page_Portal/h2_Enter the verification code we have sent_0a5385' FAILED.
	at com.kms.katalon.core.webui.keyword.internal.WebUIKeywordMain.stepFailed(WebUIKeywordMain.groovy:64)
	at com.kms.katalon.core.webui.keyword.internal.WebUIKeywordMain.runKeyword(WebUIKeywordMain.groovy:26)
	at com.kms.katalon.core.webui.keyword.builtin.VerifyElementTextKeyword.verifyElementText(VerifyElementTextKeyword.groovy:72)
	at com.kms.katalon.core.webui.keyword.builtin.VerifyElementTextKeyword.execute(VerifyElementTextKeyword.groovy:40)
	at com.kms.katalon.core.keyword.internal.KeywordExecutor.executeKeywordForPlatform(KeywordExecutor.groovy:74)
	at com.kms.katalon.core.webui.keyword.WebUiBuiltInKeywords.verifyElementText(WebUiBuiltInKeywords.groovy:4749)
	at com.kms.katalon.core.webui.keyword.WebUiBuiltInKeywords$verifyElementText$4.call(Unknown Source)
	at Secure Portal DD.run(Secure Portal DD:32)
	at com.kms.katalon.core.main.ScriptEngine.run(ScriptEngine.java:194)
	at com.kms.katalon.core.main.ScriptEngine.runScriptAsRawText(ScriptEngine.java:119)
	at com.kms.katalon.core.main.TestCaseExecutor.runScript(TestCaseExecutor.java:448)
	at com.kms.katalon.core.main.TestCaseExecutor.doExecute(TestCaseExecutor.java:439)
	at com.kms.katalon.core.main.TestCaseExecutor.processExecutionPhase(TestCaseExecutor.java:418)
	at com.kms.katalon.core.main.TestCaseExecutor.accessMainPhase(TestCaseExecutor.java:410)
	at com.kms.katalon.core.main.TestCaseExecutor.execute(TestCaseExecutor.java:285)
	at com.kms.katalon.core.common.CommonExecutor.accessTestCaseMainPhase(CommonExecutor.java:65)
	at com.kms.katalon.core.main.TestSuiteExecutor.accessTestSuiteMainPhase(TestSuiteExecutor.java:148)
	at com.kms.katalon.core.main.TestSuiteExecutor.execute(TestSuiteExecutor.java:106)
	at com.kms.katalon.core.main.TestCaseMain.startTestSuite(TestCaseMain.java:187)
	at com.kms.katalon.core.main.TestCaseMain$startTestSuite$0.call(Unknown Source)
	at TempTestSuite1686030675937.run(TempTestSuite1686030675937.groovy:36)
Caused by: com.kms.katalon.core.exception.StepFailedException: Actual text 'Sign in' and expected text 'Enter the verification code we have sent to your mobile phone' of test object 'Object Repository/Secure Portal DD/Page_Portal/Page_Portal/h2_Enter the verification code we have sent_0a5385' are NOT matched.
	at com.kms.katalon.core.webui.keyword.internal.WebUIKeywordMain.stepFailed(WebUIKeywordMain.groovy:64)
	at com.kms.katalon.core.webui.keyword.builtin.VerifyElementTextKeyword$_verifyElementText_closure1.doCall(VerifyElementTextKeyword.groovy:57)
	at com.kms.katalon.core.webui.keyword.builtin.VerifyElementTextKeyword$_verifyElementText_closure1.call(VerifyElementTextKeyword.groovy)
	at com.kms.katalon.core.webui.keyword.internal.WebUIKeywordMain.runKeyword(WebUIKeywordMain.groovy:20)
	... 19 more]]></system-out>
      <system-err><![CDATA[2023-06-06 11:21:25 - [TEST_SUITE][FAILED] - DataDriven: Test Cases/Secure Portal DD FAILED.
Reason:
com.kms.katalon.core.exception.StepFailedException: Verify element text of test object 'Object Repository/Secure Portal DD/Page_Portal/Page_Portal/h2_Enter the verification code we have sent_0a5385' FAILED.
	at com.kms.katalon.core.webui.keyword.internal.WebUIKeywordMain.stepFailed(WebUIKeywordMain.groovy:64)
	at com.kms.katalon.core.webui.keyword.internal.WebUIKeywordMain.runKeyword(WebUIKeywordMain.groovy:26)
	at com.kms.katalon.core.webui.keyword.builtin.VerifyElementTextKeyword.verifyElementText(VerifyElementTextKeyword.groovy:72)
	at com.kms.katalon.core.webui.keyword.builtin.VerifyElementTextKeyword.execute(VerifyElementTextKeyword.groovy:40)
	at com.kms.katalon.core.keyword.internal.KeywordExecutor.executeKeywordForPlatform(KeywordExecutor.groovy:74)
	at com.kms.katalon.core.webui.keyword.WebUiBuiltInKeywords.verifyElementText(WebUiBuiltInKeywords.groovy:4749)
	at com.kms.katalon.core.webui.keyword.WebUiBuiltInKeywords$verifyElementText$4.call(Unknown Source)
	at Secure Portal DD.run(Secure Portal DD:32)
	at com.kms.katalon.core.main.ScriptEngine.run(ScriptEngine.java:194)
	at com.kms.katalon.core.main.ScriptEngine.runScriptAsRawText(ScriptEngine.java:119)
	at com.kms.katalon.core.main.TestCaseExecutor.runScript(TestCaseExecutor.java:448)
	at com.kms.katalon.core.main.TestCaseExecutor.doExecute(TestCaseExecutor.java:439)
	at com.kms.katalon.core.main.TestCaseExecutor.processExecutionPhase(TestCaseExecutor.java:418)
	at com.kms.katalon.core.main.TestCaseExecutor.accessMainPhase(TestCaseExecutor.java:410)
	at com.kms.katalon.core.main.TestCaseExecutor.execute(TestCaseExecutor.java:285)
	at com.kms.katalon.core.common.CommonExecutor.accessTestCaseMainPhase(CommonExecutor.java:65)
	at com.kms.katalon.core.main.TestSuiteExecutor.accessTestSuiteMainPhase(TestSuiteExecutor.java:148)
	at com.kms.katalon.core.main.TestSuiteExecutor.execute(TestSuiteExecutor.java:106)
	at com.kms.katalon.core.main.TestCaseMain.startTestSuite(TestCaseMain.java:187)
	at com.kms.katalon.core.main.TestCaseMain$startTestSuite$0.call(Unknown Source)
	at TempTestSuite1686030675937.run(TempTestSuite1686030675937.groovy:36)
Caused by: com.kms.katalon.core.exception.StepFailedException: Actual text 'Sign in' and expected text 'Enter the verification code we have sent to your mobile phone' of test object 'Object Repository/Secure Portal DD/Page_Portal/Page_Portal/h2_Enter the verification code we have sent_0a5385' are NOT matched.
	at com.kms.katalon.core.webui.keyword.internal.WebUIKeywordMain.stepFailed(WebUIKeywordMain.groovy:64)
	at com.kms.katalon.core.webui.keyword.builtin.VerifyElementTextKeyword$_verifyElementText_closure1.doCall(VerifyElementTextKeyword.groovy:57)
	at com.kms.katalon.core.webui.keyword.builtin.VerifyElementTextKeyword$_verifyElementText_closure1.call(VerifyElementTextKeyword.groovy)
	at com.kms.katalon.core.webui.keyword.internal.WebUIKeywordMain.runKeyword(WebUIKeywordMain.groovy:20)
	... 19 more]]></system-err>
   </testsuite>
</testsuites>
